
24. Printing statistics.

=== iiitb_freqdiv ===

   Number of wires:                 74
   Number of wire bits:             77
   Number of public wires:          12
   Number of public wire bits:      15
   Number of memories:               0
   Number of memory bits:            0
   Number of processes:              0
   Number of cells:                 71
     sky130_fd_sc_hd__a211oi_2       1
     sky130_fd_sc_hd__a21boi_2       2
     sky130_fd_sc_hd__a21o_2         3
     sky130_fd_sc_hd__a21oi_2        5
     sky130_fd_sc_hd__a2bb2o_2       1
     sky130_fd_sc_hd__a311o_2        1
     sky130_fd_sc_hd__a31o_2         3
     sky130_fd_sc_hd__and2_2         1
     sky130_fd_sc_hd__and3_2         4
     sky130_fd_sc_hd__and3b_2        1
     sky130_fd_sc_hd__and4_2         1
     sky130_fd_sc_hd__buf_1          4
     sky130_fd_sc_hd__dfxtp_2        8
     sky130_fd_sc_hd__inv_2          4
     sky130_fd_sc_hd__nand2_2        3
     sky130_fd_sc_hd__nand3_2        2
     sky130_fd_sc_hd__nor2_2         5
     sky130_fd_sc_hd__o2111a_2       1
     sky130_fd_sc_hd__o211a_2        3
     sky130_fd_sc_hd__o21ai_2        1
     sky130_fd_sc_hd__o221a_2        1
     sky130_fd_sc_hd__o22a_2         2
     sky130_fd_sc_hd__o31ai_2        1
     sky130_fd_sc_hd__or2_2          2
     sky130_fd_sc_hd__or2b_2         2
     sky130_fd_sc_hd__or3_2          1
     sky130_fd_sc_hd__or4_2          1
     sky130_fd_sc_hd__xor2_2         2
     sky130_vsdinv                   5

   Chip area for module '\iiitb_freqdiv': 674.396800

