
===========================================================================
report_checks -path_delay max (Setup)
============================================================================
Startpoint: _129_ (rising edge-triggered flip-flop clocked by clkin')
Endpoint: clkout (output port clocked by clkin)
Path Group: clkin
Path Type: max

Fanout     Cap    Slew   Delay    Time   Description
-----------------------------------------------------------------------------
                  0.15    5.00    5.00   clock clkin' (rise edge)
                          0.00    5.00   clock network delay (ideal)
                  0.15    0.00    5.00 ^ _129_/CLK (sky130_fd_sc_hd__dfxtp_2)
                  0.05    0.39    5.39 v _129_/Q (sky130_fd_sc_hd__dfxtp_2)
     6    0.02                           nc[0] (net)
                  0.05    0.00    5.39 v _085_/A (sky130_vsdinv)
                  0.04    0.06    5.45 ^ _085_/Y (sky130_vsdinv)
     2    0.00                           _032_ (net)
                  0.04    0.00    5.45 ^ _088_/A1_N (sky130_fd_sc_hd__a2bb2o_2)
                  0.04    0.27    5.72 v _088_/X (sky130_fd_sc_hd__a2bb2o_2)
     1    0.00                           _034_ (net)
                  0.04    0.00    5.72 v _091_/A1 (sky130_fd_sc_hd__a21o_2)
                  0.04    0.19    5.92 v _091_/X (sky130_fd_sc_hd__a21o_2)
     1    0.00                           _037_ (net)
                  0.04    0.00    5.92 v _099_/A2 (sky130_fd_sc_hd__a211oi_2)
                  0.62    0.58    6.49 ^ _099_/Y (sky130_fd_sc_hd__a211oi_2)
     1    0.03                           clkout (net)
                  0.62    0.00    6.49 ^ clkout (out)
                                  6.49   data arrival time

                  0.15   10.00   10.00   clock clkin (rise edge)
                          0.00   10.00   clock network delay (ideal)
                         -0.25    9.75   clock uncertainty
                          0.00    9.75   clock reconvergence pessimism
                         -2.00    7.75   output external delay
                                  7.75   data required time
-----------------------------------------------------------------------------
                                  7.75   data required time
                                 -6.49   data arrival time
-----------------------------------------------------------------------------
                                  1.26   slack (MET)


Startpoint: n[2] (input port clocked by clkin)
Endpoint: _130_ (rising edge-triggered flip-flop clocked by clkin')
Path Group: clkin
Path Type: max

Fanout     Cap    Slew   Delay    Time   Description
-----------------------------------------------------------------------------
                  0.15    0.00    0.00   clock clkin (rise edge)
                          0.00    0.00   clock network delay (ideal)
                          2.00    2.00 v input external delay
                  0.04    0.03    2.03 v n[2] (in)
     6    0.02                           n[2] (net)
                  0.04    0.00    2.03 v _063_/B (sky130_fd_sc_hd__or4_2)
                  0.11    0.69    2.72 v _063_/X (sky130_fd_sc_hd__or4_2)
     2    0.01                           _013_ (net)
                  0.11    0.00    2.72 v _064_/B (sky130_fd_sc_hd__and2_2)
                  0.06    0.26    2.98 v _064_/X (sky130_fd_sc_hd__and2_2)
     3    0.01                           _014_ (net)
                  0.06    0.00    2.98 v _076_/A2 (sky130_fd_sc_hd__a21boi_2)
                  0.15    0.19    3.17 ^ _076_/Y (sky130_fd_sc_hd__a21boi_2)
     4    0.01                           _026_ (net)
                  0.15    0.00    3.17 ^ _084_/B1 (sky130_fd_sc_hd__o2111a_2)
                  0.04    0.21    3.39 ^ _084_/X (sky130_fd_sc_hd__o2111a_2)
     1    0.00                           _009_ (net)
                  0.04    0.00    3.39 ^ _130_/D (sky130_fd_sc_hd__dfxtp_2)
                                  3.39   data arrival time

                  0.15    5.00    5.00   clock clkin' (rise edge)
                          0.00    5.00   clock network delay (ideal)
                         -0.25    4.75   clock uncertainty
                          0.00    4.75   clock reconvergence pessimism
                                  4.75 ^ _130_/CLK (sky130_fd_sc_hd__dfxtp_2)
                         -0.04    4.71   library setup time
                                  4.71   data required time
-----------------------------------------------------------------------------
                                  4.71   data required time
                                 -3.39   data arrival time
-----------------------------------------------------------------------------
                                  1.32   slack (MET)


Startpoint: n[2] (input port clocked by clkin)
Endpoint: _129_ (rising edge-triggered flip-flop clocked by clkin')
Path Group: clkin
Path Type: max

Fanout     Cap    Slew   Delay    Time   Description
-----------------------------------------------------------------------------
                  0.15    0.00    0.00   clock clkin (rise edge)
                          0.00    0.00   clock network delay (ideal)
                          2.00    2.00 v input external delay
                  0.04    0.03    2.03 v n[2] (in)
     6    0.02                           n[2] (net)
                  0.04    0.00    2.03 v _063_/B (sky130_fd_sc_hd__or4_2)
                  0.11    0.69    2.72 v _063_/X (sky130_fd_sc_hd__or4_2)
     2    0.01                           _013_ (net)
                  0.11    0.00    2.72 v _064_/B (sky130_fd_sc_hd__and2_2)
                  0.06    0.26    2.98 v _064_/X (sky130_fd_sc_hd__and2_2)
     3    0.01                           _014_ (net)
                  0.06    0.00    2.98 v _076_/A2 (sky130_fd_sc_hd__a21boi_2)
                  0.15    0.19    3.17 ^ _076_/Y (sky130_fd_sc_hd__a21boi_2)
     4    0.01                           _026_ (net)
                  0.15    0.00    3.17 ^ _086_/B1 (sky130_fd_sc_hd__o211a_2)
                  0.04    0.19    3.37 ^ _086_/X (sky130_fd_sc_hd__o211a_2)
     1    0.00                           _008_ (net)
                  0.04    0.00    3.37 ^ _129_/D (sky130_fd_sc_hd__dfxtp_2)
                                  3.37   data arrival time

                  0.15    5.00    5.00   clock clkin' (rise edge)
                          0.00    5.00   clock network delay (ideal)
                         -0.25    4.75   clock uncertainty
                          0.00    4.75   clock reconvergence pessimism
                                  4.75 ^ _129_/CLK (sky130_fd_sc_hd__dfxtp_2)
                         -0.04    4.71   library setup time
                                  4.71   data required time
-----------------------------------------------------------------------------
                                  4.71   data required time
                                 -3.37   data arrival time
-----------------------------------------------------------------------------
                                  1.34   slack (MET)


Startpoint: n[2] (input port clocked by clkin)
Endpoint: _131_ (rising edge-triggered flip-flop clocked by clkin')
Path Group: clkin
Path Type: max

Fanout     Cap    Slew   Delay    Time   Description
-----------------------------------------------------------------------------
                  0.15    0.00    0.00   clock clkin (rise edge)
                          0.00    0.00   clock network delay (ideal)
                          2.00    2.00 v input external delay
                  0.04    0.03    2.03 v n[2] (in)
     6    0.02                           n[2] (net)
                  0.04    0.00    2.03 v _063_/B (sky130_fd_sc_hd__or4_2)
                  0.11    0.69    2.72 v _063_/X (sky130_fd_sc_hd__or4_2)
     2    0.01                           _013_ (net)
                  0.11    0.00    2.72 v _064_/B (sky130_fd_sc_hd__and2_2)
                  0.06    0.26    2.98 v _064_/X (sky130_fd_sc_hd__and2_2)
     3    0.01                           _014_ (net)
                  0.06    0.00    2.98 v _076_/A2 (sky130_fd_sc_hd__a21boi_2)
                  0.15    0.19    3.17 ^ _076_/Y (sky130_fd_sc_hd__a21boi_2)
     4    0.01                           _026_ (net)
                  0.15    0.00    3.17 ^ _082_/B1 (sky130_fd_sc_hd__o211a_2)
                  0.04    0.19    3.37 ^ _082_/X (sky130_fd_sc_hd__o211a_2)
     1    0.00                           _010_ (net)
                  0.04    0.00    3.37 ^ _131_/D (sky130_fd_sc_hd__dfxtp_2)
                                  3.37   data arrival time

                  0.15    5.00    5.00   clock clkin' (rise edge)
                          0.00    5.00   clock network delay (ideal)
                         -0.25    4.75   clock uncertainty
                          0.00    4.75   clock reconvergence pessimism
                                  4.75 ^ _131_/CLK (sky130_fd_sc_hd__dfxtp_2)
                         -0.04    4.71   library setup time
                                  4.71   data required time
-----------------------------------------------------------------------------
                                  4.71   data required time
                                 -3.37   data arrival time
-----------------------------------------------------------------------------
                                  1.34   slack (MET)


Startpoint: n[2] (input port clocked by clkin)
Endpoint: _132_ (rising edge-triggered flip-flop clocked by clkin')
Path Group: clkin
Path Type: max

Fanout     Cap    Slew   Delay    Time   Description
-----------------------------------------------------------------------------
                  0.15    0.00    0.00   clock clkin (rise edge)
                          0.00    0.00   clock network delay (ideal)
                          2.00    2.00 v input external delay
                  0.04    0.03    2.03 v n[2] (in)
     6    0.02                           n[2] (net)
                  0.04    0.00    2.03 v _063_/B (sky130_fd_sc_hd__or4_2)
                  0.11    0.69    2.72 v _063_/X (sky130_fd_sc_hd__or4_2)
     2    0.01                           _013_ (net)
                  0.11    0.00    2.72 v _064_/B (sky130_fd_sc_hd__and2_2)
                  0.06    0.26    2.98 v _064_/X (sky130_fd_sc_hd__and2_2)
     3    0.01                           _014_ (net)
                  0.06    0.00    2.98 v _076_/A2 (sky130_fd_sc_hd__a21boi_2)
                  0.15    0.19    3.17 ^ _076_/Y (sky130_fd_sc_hd__a21boi_2)
     4    0.01                           _026_ (net)
                  0.15    0.00    3.17 ^ _079_/B1 (sky130_fd_sc_hd__o211a_2)
                  0.04    0.19    3.37 ^ _079_/X (sky130_fd_sc_hd__o211a_2)
     1    0.00                           _011_ (net)
                  0.04    0.00    3.37 ^ _132_/D (sky130_fd_sc_hd__dfxtp_2)
                                  3.37   data arrival time

                  0.15    5.00    5.00   clock clkin' (rise edge)
                          0.00    5.00   clock network delay (ideal)
                         -0.25    4.75   clock uncertainty
                          0.00    4.75   clock reconvergence pessimism
                                  4.75 ^ _132_/CLK (sky130_fd_sc_hd__dfxtp_2)
                         -0.04    4.71   library setup time
                                  4.71   data required time
-----------------------------------------------------------------------------
                                  4.71   data required time
                                 -3.37   data arrival time
-----------------------------------------------------------------------------
                                  1.34   slack (MET)


