OpenROAD 4a99e88667b0840531ca0096c4fa0da8f80d6cb1 
This program is licensed under the BSD-3 license. See the LICENSE file for details.
Components of this program may be licensed under more restrictive licenses which must be honored.
[INFO ODB-0222] Reading LEF file: /openlane/designs/iiitb_freqdiv/runs/RUN_2022.08.28_05.03.34/tmp/merged.nom.lef
[WARNING ODB-0220] WARNING (LEFPARS-2036): SOURCE statement is obsolete in version 5.6 and later.
The LEF parser will ignore this statement.
To avoid this warning in the future, remove this statement from the LEF file with version 5.6 or later. See file /openlane/designs/iiitb_freqdiv/runs/RUN_2022.08.28_05.03.34/tmp/merged.nom.lef at line 930.

[INFO ODB-0223]     Created 13 technology layers
[INFO ODB-0224]     Created 25 technology vias
[INFO ODB-0225]     Created 442 library cells
[INFO ODB-0226] Finished LEF file:  /openlane/designs/iiitb_freqdiv/runs/RUN_2022.08.28_05.03.34/tmp/merged.nom.lef
[INFO ODB-0127] Reading DEF file: /openlane/designs/iiitb_freqdiv/runs/RUN_2022.08.28_05.03.34/tmp/routing/14-resizer_timing.buffers_removed.def
[INFO ODB-0128] Design: iiitb_freqdiv
[INFO ODB-0130]     Created 9 pins.
[INFO ODB-0131]     Created 168 components and 842 component-terminals.
[INFO ODB-0132]     Created 2 special nets and 570 connections.
[INFO ODB-0133]     Created 86 nets and 272 connections.
[INFO ODB-0134] Finished DEF file: /openlane/designs/iiitb_freqdiv/runs/RUN_2022.08.28_05.03.34/tmp/routing/14-resizer_timing.buffers_removed.def
Placement Analysis
---------------------------------
total displacement          0.0 u
average displacement        0.0 u
max displacement            0.0 u
original HPWL            1660.0 u
legalized HPWL           1738.1 u
delta HPWL                    5 %

[INFO DPL-0020] Mirrored 38 instances
[INFO DPL-0021] HPWL before            1738.1 u
[INFO DPL-0022] HPWL after             1660.0 u
[INFO DPL-0023] HPWL delta               -4.5 %
