OpenROAD 4a99e88667b0840531ca0096c4fa0da8f80d6cb1 
This program is licensed under the BSD-3 license. See the LICENSE file for details.
Components of this program may be licensed under more restrictive licenses which must be honored.
[WARNING STA-0163] /openlane/designs/iiitb_freqdiv/src/sky130_fd_sc_hd__typical.lib line 23, default_fanout_load is 0.0.
[INFO ODB-0222] Reading LEF file: /openlane/designs/iiitb_freqdiv/runs/RUN_2022.08.28_05.03.34/tmp/merged.nom.lef
[WARNING ODB-0220] WARNING (LEFPARS-2036): SOURCE statement is obsolete in version 5.6 and later.
The LEF parser will ignore this statement.
To avoid this warning in the future, remove this statement from the LEF file with version 5.6 or later. See file /openlane/designs/iiitb_freqdiv/runs/RUN_2022.08.28_05.03.34/tmp/merged.nom.lef at line 930.

[INFO ODB-0223]     Created 13 technology layers
[INFO ODB-0224]     Created 25 technology vias
[INFO ODB-0225]     Created 442 library cells
[INFO ODB-0226] Finished LEF file:  /openlane/designs/iiitb_freqdiv/runs/RUN_2022.08.28_05.03.34/tmp/merged.nom.lef
[INFO ODB-0127] Reading DEF file: /openlane/designs/iiitb_freqdiv/runs/RUN_2022.08.28_05.03.34/tmp/routing/14-resizer_timing.buffers_removed.def
[INFO ODB-0128] Design: iiitb_freqdiv
[INFO ODB-0130]     Created 9 pins.
[INFO ODB-0131]     Created 168 components and 842 component-terminals.
[INFO ODB-0132]     Created 2 special nets and 570 connections.
[INFO ODB-0133]     Created 86 nets and 272 connections.
[INFO ODB-0134] Finished DEF file: /openlane/designs/iiitb_freqdiv/runs/RUN_2022.08.28_05.03.34/tmp/routing/14-resizer_timing.buffers_removed.def
###############################################################################
# Created by write_sdc
# Sun Aug 28 06:01:54 2022
###############################################################################
current_design iiitb_freqdiv
###############################################################################
# Timing Constraints
###############################################################################
create_clock -name clkin -period 10.0000 [get_ports {clkin}]
set_clock_transition 0.1500 [get_clocks {clkin}]
set_clock_uncertainty 0.2500 clkin
set_propagated_clock [get_clocks {clkin}]
set_input_delay 2.0000 -clock [get_clocks {clkin}] -add_delay [get_ports {en}]
set_input_delay 2.0000 -clock [get_clocks {clkin}] -add_delay [get_ports {n[0]}]
set_input_delay 2.0000 -clock [get_clocks {clkin}] -add_delay [get_ports {n[1]}]
set_input_delay 2.0000 -clock [get_clocks {clkin}] -add_delay [get_ports {n[2]}]
set_input_delay 2.0000 -clock [get_clocks {clkin}] -add_delay [get_ports {n[3]}]
set_output_delay 2.0000 -clock [get_clocks {clkin}] -add_delay [get_ports {clkout}]
###############################################################################
# Environment
###############################################################################
set_load -pin_load 0.0334 [get_ports {clkout}]
set_driving_cell -lib_cell sky130_fd_sc_hd__inv_2 -pin {Y} -input_transition_rise 0.0000 -input_transition_fall 0.0000 [get_ports {clkin}]
set_driving_cell -lib_cell sky130_fd_sc_hd__inv_2 -pin {Y} -input_transition_rise 0.0000 -input_transition_fall 0.0000 [get_ports {en}]
set_driving_cell -lib_cell sky130_fd_sc_hd__inv_2 -pin {Y} -input_transition_rise 0.0000 -input_transition_fall 0.0000 [get_ports {n[3]}]
set_driving_cell -lib_cell sky130_fd_sc_hd__inv_2 -pin {Y} -input_transition_rise 0.0000 -input_transition_fall 0.0000 [get_ports {n[2]}]
set_driving_cell -lib_cell sky130_fd_sc_hd__inv_2 -pin {Y} -input_transition_rise 0.0000 -input_transition_fall 0.0000 [get_ports {n[1]}]
set_driving_cell -lib_cell sky130_fd_sc_hd__inv_2 -pin {Y} -input_transition_rise 0.0000 -input_transition_fall 0.0000 [get_ports {n[0]}]
set_timing_derate -early 0.9500
set_timing_derate -late 1.0500
###############################################################################
# Design Rules
###############################################################################
set_max_fanout 10.0000 [current_design]
[INFO]: Setting signal min routing layer to: met1 and clock min routing layer to met1. 
[INFO]: Setting signal max routing layer to: met5 and clock max routing layer to met5. 
-congestion_iterations 50 -verbose
[INFO GRT-0020] Min routing layer: met1
[INFO GRT-0021] Max routing layer: met5
[INFO GRT-0022] Global adjustment: 30%
[INFO GRT-0023] Grid origin: (0, 0)
[INFO GRT-0043] No OR_DEFAULT vias defined.
[INFO GRT-0088] Layer li1     Track-Pitch = 0.4600  line-2-Via Pitch: 0.3400
[INFO GRT-0088] Layer met1    Track-Pitch = 0.3400  line-2-Via Pitch: 0.3400
[INFO GRT-0088] Layer met2    Track-Pitch = 0.4600  line-2-Via Pitch: 0.3500
[INFO GRT-0088] Layer met3    Track-Pitch = 0.6800  line-2-Via Pitch: 0.6150
[INFO GRT-0088] Layer met4    Track-Pitch = 0.9200  line-2-Via Pitch: 1.0400
[INFO GRT-0088] Layer met5    Track-Pitch = 3.4000  line-2-Via Pitch: 3.1100
[INFO GRT-0019] Found 8 clock nets.
[INFO GRT-0001] Minimum degree: 2
[INFO GRT-0002] Maximum degree: 11
[INFO GRT-0003] Macros: 0
[INFO GRT-0004] Blockages: 112

[INFO GRT-0053] Routing resources analysis:
          Routing      Original      Derated      Resource
Layer     Direction    Resources     Resources    Reduction (%)
---------------------------------------------------------------
li1        Vertical            0             0          0.00%
met1       Horizontal       2200          1332          39.45%
met2       Vertical         1650          1030          37.58%
met3       Horizontal       1100           756          31.27%
met4       Vertical          660           374          43.33%
met5       Horizontal        220            99          55.00%
---------------------------------------------------------------

[INFO GRT-0197] Via related to pin nodes: 347
[INFO GRT-0198] Via related Steiner nodes: 4
[INFO GRT-0199] Via filling finished.
[INFO GRT-0111] Final number of vias: 381
[INFO GRT-0112] Final usage 3D: 1391

[INFO GRT-0096] Final congestion report:
Layer         Resource        Demand        Usage (%)    Max H / Max V / Total Overflow
---------------------------------------------------------------------------------------
li1                  0             0            0.00%             0 /  0 /  0
met1              1332           130            9.76%             0 /  0 /  0
met2              1030           118           11.46%             0 /  0 /  0
met3               756             0            0.00%             0 /  0 /  0
met4               374             0            0.00%             0 /  0 /  0
met5                99             0            0.00%             0 /  0 /  0
---------------------------------------------------------------------------------------
Total             3591           248            6.91%             0 /  0 /  0

[INFO GRT-0018] Total wirelength: 3118 um
[INFO GRT-0014] Routed nets: 86
[INFO GRT-0006] Repairing antennas, iteration 1.
[INFO GRT-0043] No OR_DEFAULT vias defined.
[INFO GRT-0012] Found 0 antenna violations.
[INFO]: Setting RC values...
min_report

===========================================================================
report_checks -path_delay min (Hold)
============================================================================
Startpoint: _129_ (rising edge-triggered flip-flop clocked by clkin')
Endpoint: _129_ (rising edge-triggered flip-flop clocked by clkin')
Path Group: clkin
Path Type: min

Fanout     Cap    Slew   Delay    Time   Description
-----------------------------------------------------------------------------
                          5.00    5.00   clock clkin' (rise edge)
                          0.00    5.00   clock source latency
                  0.02    0.01    5.01 v clkin (in)
     1    0.01                           clkin (net)
                  0.02    0.00    5.01 v clkbuf_0_clkin/A (sky130_fd_sc_hd__clkbuf_16)
                  0.03    0.13    5.14 v clkbuf_0_clkin/X (sky130_fd_sc_hd__clkbuf_16)
     2    0.02                           clknet_0_clkin (net)
                  0.03    0.00    5.14 v clkbuf_1_0__f_clkin/A (sky130_fd_sc_hd__clkbuf_16)
                  0.03    0.13    5.28 v clkbuf_1_0__f_clkin/X (sky130_fd_sc_hd__clkbuf_16)
     4    0.02                           clknet_1_0__leaf_clkin (net)
                  0.03    0.00    5.28 v _121__1/A (sky130_fd_sc_hd__inv_2)
                  0.02    0.03    5.31 ^ _121__1/Y (sky130_fd_sc_hd__inv_2)
     1    0.00                           net7 (net)
                  0.02    0.00    5.31 ^ _129_/CLK (sky130_fd_sc_hd__dfxtp_1)
                  0.08    0.32    5.63 v _129_/Q (sky130_fd_sc_hd__dfxtp_1)
     6    0.02                           nc[0] (net)
                  0.08    0.00    5.63 v _085_/A (sky130_vsdinv)
                  0.06    0.08    5.70 ^ _085_/Y (sky130_vsdinv)
     2    0.01                           _032_ (net)
                  0.06    0.00    5.70 ^ _086_/C1 (sky130_fd_sc_hd__o211a_1)
                  0.05    0.13    5.83 ^ _086_/X (sky130_fd_sc_hd__o211a_1)
     1    0.00                           _008_ (net)
                  0.05    0.00    5.83 ^ _129_/D (sky130_fd_sc_hd__dfxtp_1)
                                  5.83   data arrival time

                          5.00    5.00   clock clkin' (rise edge)
                          0.00    5.00   clock source latency
                  0.02    0.02    5.02 v clkin (in)
     1    0.01                           clkin (net)
                  0.02    0.00    5.02 v clkbuf_0_clkin/A (sky130_fd_sc_hd__clkbuf_16)
                  0.03    0.14    5.16 v clkbuf_0_clkin/X (sky130_fd_sc_hd__clkbuf_16)
     2    0.02                           clknet_0_clkin (net)
                  0.03    0.00    5.16 v clkbuf_1_0__f_clkin/A (sky130_fd_sc_hd__clkbuf_16)
                  0.03    0.15    5.30 v clkbuf_1_0__f_clkin/X (sky130_fd_sc_hd__clkbuf_16)
     4    0.02                           clknet_1_0__leaf_clkin (net)
                  0.03    0.00    5.31 v _121__1/A (sky130_fd_sc_hd__inv_2)
                  0.02    0.04    5.34 ^ _121__1/Y (sky130_fd_sc_hd__inv_2)
     1    0.00                           net7 (net)
                  0.02    0.00    5.34 ^ _129_/CLK (sky130_fd_sc_hd__dfxtp_1)
                          0.25    5.59   clock uncertainty
                         -0.03    5.56   clock reconvergence pessimism
                         -0.03    5.53   library hold time
                                  5.53   data required time
-----------------------------------------------------------------------------
                                  5.53   data required time
                                 -5.83   data arrival time
-----------------------------------------------------------------------------
                                  0.31   slack (MET)


Startpoint: _129_ (rising edge-triggered flip-flop clocked by clkin')
Endpoint: _130_ (rising edge-triggered flip-flop clocked by clkin')
Path Group: clkin
Path Type: min

Fanout     Cap    Slew   Delay    Time   Description
-----------------------------------------------------------------------------
                          5.00    5.00   clock clkin' (rise edge)
                          0.00    5.00   clock source latency
                  0.02    0.01    5.01 v clkin (in)
     1    0.01                           clkin (net)
                  0.02    0.00    5.01 v clkbuf_0_clkin/A (sky130_fd_sc_hd__clkbuf_16)
                  0.03    0.13    5.14 v clkbuf_0_clkin/X (sky130_fd_sc_hd__clkbuf_16)
     2    0.02                           clknet_0_clkin (net)
                  0.03    0.00    5.14 v clkbuf_1_0__f_clkin/A (sky130_fd_sc_hd__clkbuf_16)
                  0.03    0.13    5.28 v clkbuf_1_0__f_clkin/X (sky130_fd_sc_hd__clkbuf_16)
     4    0.02                           clknet_1_0__leaf_clkin (net)
                  0.03    0.00    5.28 v _121__1/A (sky130_fd_sc_hd__inv_2)
                  0.02    0.03    5.31 ^ _121__1/Y (sky130_fd_sc_hd__inv_2)
     1    0.00                           net7 (net)
                  0.02    0.00    5.31 ^ _129_/CLK (sky130_fd_sc_hd__dfxtp_1)
                  0.08    0.32    5.63 v _129_/Q (sky130_fd_sc_hd__dfxtp_1)
     6    0.02                           nc[0] (net)
                  0.08    0.00    5.63 v _069_/B (sky130_fd_sc_hd__nand2_1)
                  0.08    0.10    5.73 ^ _069_/Y (sky130_fd_sc_hd__nand2_1)
     2    0.01                           _019_ (net)
                  0.08    0.00    5.73 ^ _084_/D1 (sky130_fd_sc_hd__o2111a_1)
                  0.05    0.16    5.88 ^ _084_/X (sky130_fd_sc_hd__o2111a_1)
     1    0.00                           _009_ (net)
                  0.05    0.00    5.88 ^ _130_/D (sky130_fd_sc_hd__dfxtp_1)
                                  5.88   data arrival time

                          5.00    5.00   clock clkin' (rise edge)
                          0.00    5.00   clock source latency
                  0.02    0.02    5.02 v clkin (in)
     1    0.01                           clkin (net)
                  0.02    0.00    5.02 v clkbuf_0_clkin/A (sky130_fd_sc_hd__clkbuf_16)
                  0.03    0.14    5.16 v clkbuf_0_clkin/X (sky130_fd_sc_hd__clkbuf_16)
     2    0.02                           clknet_0_clkin (net)
                  0.03    0.00    5.16 v clkbuf_1_0__f_clkin/A (sky130_fd_sc_hd__clkbuf_16)
                  0.03    0.15    5.30 v clkbuf_1_0__f_clkin/X (sky130_fd_sc_hd__clkbuf_16)
     4    0.02                           clknet_1_0__leaf_clkin (net)
                  0.03    0.00    5.31 v _122__2/A (sky130_fd_sc_hd__inv_2)
                  0.02    0.04    5.34 ^ _122__2/Y (sky130_fd_sc_hd__inv_2)
     1    0.00                           net8 (net)
                  0.02    0.00    5.34 ^ _130_/CLK (sky130_fd_sc_hd__dfxtp_1)
                          0.25    5.59   clock uncertainty
                         -0.03    5.56   clock reconvergence pessimism
                         -0.04    5.53   library hold time
                                  5.53   data required time
-----------------------------------------------------------------------------
                                  5.53   data required time
                                 -5.88   data arrival time
-----------------------------------------------------------------------------
                                  0.35   slack (MET)


Startpoint: _132_ (rising edge-triggered flip-flop clocked by clkin')
Endpoint: _132_ (rising edge-triggered flip-flop clocked by clkin')
Path Group: clkin
Path Type: min

Fanout     Cap    Slew   Delay    Time   Description
-----------------------------------------------------------------------------
                          5.00    5.00   clock clkin' (rise edge)
                          0.00    5.00   clock source latency
                  0.02    0.01    5.01 v clkin (in)
     1    0.01                           clkin (net)
                  0.02    0.00    5.01 v clkbuf_0_clkin/A (sky130_fd_sc_hd__clkbuf_16)
                  0.03    0.13    5.14 v clkbuf_0_clkin/X (sky130_fd_sc_hd__clkbuf_16)
     2    0.02                           clknet_0_clkin (net)
                  0.03    0.00    5.14 v clkbuf_1_0__f_clkin/A (sky130_fd_sc_hd__clkbuf_16)
                  0.03    0.13    5.28 v clkbuf_1_0__f_clkin/X (sky130_fd_sc_hd__clkbuf_16)
     4    0.02                           clknet_1_0__leaf_clkin (net)
                  0.03    0.00    5.28 v _124__4/A (sky130_fd_sc_hd__inv_2)
                  0.02    0.03    5.31 ^ _124__4/Y (sky130_fd_sc_hd__inv_2)
     1    0.00                           net10 (net)
                  0.02    0.00    5.31 ^ _132_/CLK (sky130_fd_sc_hd__dfxtp_1)
                  0.16    0.36    5.67 ^ _132_/Q (sky130_fd_sc_hd__dfxtp_1)
     4    0.02                           nc[3] (net)
                  0.16    0.00    5.67 ^ _078_/A (sky130_fd_sc_hd__xor2_1)
                  0.04    0.09    5.76 v _078_/X (sky130_fd_sc_hd__xor2_1)
     1    0.00                           _028_ (net)
                  0.04    0.00    5.76 v _079_/C1 (sky130_fd_sc_hd__o211a_1)
                  0.03    0.10    5.86 v _079_/X (sky130_fd_sc_hd__o211a_1)
     1    0.00                           _011_ (net)
                  0.03    0.00    5.86 v _132_/D (sky130_fd_sc_hd__dfxtp_1)
                                  5.86   data arrival time

                          5.00    5.00   clock clkin' (rise edge)
                          0.00    5.00   clock source latency
                  0.02    0.02    5.02 v clkin (in)
     1    0.01                           clkin (net)
                  0.02    0.00    5.02 v clkbuf_0_clkin/A (sky130_fd_sc_hd__clkbuf_16)
                  0.03    0.14    5.16 v clkbuf_0_clkin/X (sky130_fd_sc_hd__clkbuf_16)
     2    0.02                           clknet_0_clkin (net)
                  0.03    0.00    5.16 v clkbuf_1_0__f_clkin/A (sky130_fd_sc_hd__clkbuf_16)
                  0.03    0.15    5.30 v clkbuf_1_0__f_clkin/X (sky130_fd_sc_hd__clkbuf_16)
     4    0.02                           clknet_1_0__leaf_clkin (net)
                  0.03    0.00    5.31 v _124__4/A (sky130_fd_sc_hd__inv_2)
                  0.02    0.04    5.34 ^ _124__4/Y (sky130_fd_sc_hd__inv_2)
     1    0.00                           net10 (net)
                  0.02    0.00    5.34 ^ _132_/CLK (sky130_fd_sc_hd__dfxtp_1)
                          0.25    5.59   clock uncertainty
                         -0.03    5.56   clock reconvergence pessimism
                         -0.05    5.51   library hold time
                                  5.51   data required time
-----------------------------------------------------------------------------
                                  5.51   data required time
                                 -5.86   data arrival time
-----------------------------------------------------------------------------
                                  0.35   slack (MET)


Startpoint: _132_ (rising edge-triggered flip-flop clocked by clkin')
Endpoint: _131_ (rising edge-triggered flip-flop clocked by clkin')
Path Group: clkin
Path Type: min

Fanout     Cap    Slew   Delay    Time   Description
-----------------------------------------------------------------------------
                          5.00    5.00   clock clkin' (rise edge)
                          0.00    5.00   clock source latency
                  0.02    0.01    5.01 v clkin (in)
     1    0.01                           clkin (net)
                  0.02    0.00    5.01 v clkbuf_0_clkin/A (sky130_fd_sc_hd__clkbuf_16)
                  0.03    0.13    5.14 v clkbuf_0_clkin/X (sky130_fd_sc_hd__clkbuf_16)
     2    0.02                           clknet_0_clkin (net)
                  0.03    0.00    5.14 v clkbuf_1_0__f_clkin/A (sky130_fd_sc_hd__clkbuf_16)
                  0.03    0.13    5.28 v clkbuf_1_0__f_clkin/X (sky130_fd_sc_hd__clkbuf_16)
     4    0.02                           clknet_1_0__leaf_clkin (net)
                  0.03    0.00    5.28 v _124__4/A (sky130_fd_sc_hd__inv_2)
                  0.02    0.03    5.31 ^ _124__4/Y (sky130_fd_sc_hd__inv_2)
     1    0.00                           net10 (net)
                  0.02    0.00    5.31 ^ _132_/CLK (sky130_fd_sc_hd__dfxtp_1)
                  0.16    0.36    5.67 ^ _132_/Q (sky130_fd_sc_hd__dfxtp_1)
     4    0.02                           nc[3] (net)
                  0.16    0.00    5.67 ^ _076_/A1 (sky130_fd_sc_hd__a21boi_1)
                  0.07    0.12    5.80 v _076_/Y (sky130_fd_sc_hd__a21boi_1)
     4    0.01                           _026_ (net)
                  0.07    0.00    5.80 v _082_/B1 (sky130_fd_sc_hd__o211a_1)
                  0.04    0.13    5.93 v _082_/X (sky130_fd_sc_hd__o211a_1)
     1    0.00                           _010_ (net)
                  0.04    0.00    5.93 v _131_/D (sky130_fd_sc_hd__dfxtp_1)
                                  5.93   data arrival time

                          5.00    5.00   clock clkin' (rise edge)
                          0.00    5.00   clock source latency
                  0.02    0.02    5.02 v clkin (in)
     1    0.01                           clkin (net)
                  0.02    0.00    5.02 v clkbuf_0_clkin/A (sky130_fd_sc_hd__clkbuf_16)
                  0.03    0.14    5.16 v clkbuf_0_clkin/X (sky130_fd_sc_hd__clkbuf_16)
     2    0.02                           clknet_0_clkin (net)
                  0.03    0.00    5.16 v clkbuf_1_1__f_clkin/A (sky130_fd_sc_hd__clkbuf_16)
                  0.03    0.14    5.30 v clkbuf_1_1__f_clkin/X (sky130_fd_sc_hd__clkbuf_16)
     4    0.01                           clknet_1_1__leaf_clkin (net)
                  0.03    0.00    5.30 v _123__3/A (sky130_fd_sc_hd__inv_2)
                  0.02    0.04    5.34 ^ _123__3/Y (sky130_fd_sc_hd__inv_2)
     1    0.00                           net9 (net)
                  0.02    0.00    5.34 ^ _131_/CLK (sky130_fd_sc_hd__dfxtp_1)
                          0.25    5.59   clock uncertainty
                         -0.01    5.57   clock reconvergence pessimism
                         -0.06    5.52   library hold time
                                  5.52   data required time
-----------------------------------------------------------------------------
                                  5.52   data required time
                                 -5.93   data arrival time
-----------------------------------------------------------------------------
                                  0.41   slack (MET)


Startpoint: _125_ (rising edge-triggered flip-flop clocked by clkin)
Endpoint: _125_ (rising edge-triggered flip-flop clocked by clkin)
Path Group: clkin
Path Type: min

Fanout     Cap    Slew   Delay    Time   Description
-----------------------------------------------------------------------------
                          0.00    0.00   clock clkin (rise edge)
                          0.00    0.00   clock source latency
                  0.05    0.03    0.03 ^ clkin (in)
     1    0.01                           clkin (net)
                  0.05    0.00    0.03 ^ clkbuf_0_clkin/A (sky130_fd_sc_hd__clkbuf_16)
                  0.04    0.12    0.15 ^ clkbuf_0_clkin/X (sky130_fd_sc_hd__clkbuf_16)
     2    0.02                           clknet_0_clkin (net)
                  0.04    0.00    0.15 ^ clkbuf_1_1__f_clkin/A (sky130_fd_sc_hd__clkbuf_16)
                  0.04    0.11    0.27 ^ clkbuf_1_1__f_clkin/X (sky130_fd_sc_hd__clkbuf_16)
     4    0.01                           clknet_1_1__leaf_clkin (net)
                  0.04    0.00    0.27 ^ _125_/CLK (sky130_fd_sc_hd__dfxtp_1)
                  0.09    0.33    0.59 v _125_/Q (sky130_fd_sc_hd__dfxtp_1)
     7    0.02                           pc[0] (net)
                  0.09    0.00    0.59 v _108_/A_N (sky130_fd_sc_hd__and3b_1)
                  0.06    0.21    0.81 ^ _108_/X (sky130_fd_sc_hd__and3b_1)
     1    0.00                           _053_ (net)
                  0.06    0.00    0.81 ^ _109_/A (sky130_fd_sc_hd__clkbuf_1)
                  0.06    0.09    0.90 ^ _109_/X (sky130_fd_sc_hd__clkbuf_1)
     1    0.00                           _004_ (net)
                  0.06    0.00    0.90 ^ _125_/D (sky130_fd_sc_hd__dfxtp_1)
                                  0.90   data arrival time

                          0.00    0.00   clock clkin (rise edge)
                          0.00    0.00   clock source latency
                  0.05    0.04    0.04 ^ clkin (in)
     1    0.01                           clkin (net)
                  0.05    0.00    0.04 ^ clkbuf_0_clkin/A (sky130_fd_sc_hd__clkbuf_16)
                  0.04    0.13    0.17 ^ clkbuf_0_clkin/X (sky130_fd_sc_hd__clkbuf_16)
     2    0.02                           clknet_0_clkin (net)
                  0.04    0.00    0.17 ^ clkbuf_1_1__f_clkin/A (sky130_fd_sc_hd__clkbuf_16)
                  0.04    0.12    0.29 ^ clkbuf_1_1__f_clkin/X (sky130_fd_sc_hd__clkbuf_16)
     4    0.01                           clknet_1_1__leaf_clkin (net)
                  0.04    0.00    0.29 ^ _125_/CLK (sky130_fd_sc_hd__dfxtp_1)
                          0.25    0.54   clock uncertainty
                         -0.03    0.52   clock reconvergence pessimism
                         -0.03    0.48   library hold time
                                  0.48   data required time
-----------------------------------------------------------------------------
                                  0.48   data required time
                                 -0.90   data arrival time
-----------------------------------------------------------------------------
                                  0.41   slack (MET)


min_report_end
max_report

===========================================================================
report_checks -path_delay max (Setup)
============================================================================
Startpoint: _129_ (rising edge-triggered flip-flop clocked by clkin')
Endpoint: clkout (output port clocked by clkin)
Path Group: clkin
Path Type: max

Fanout     Cap    Slew   Delay    Time   Description
-----------------------------------------------------------------------------
                          5.00    5.00   clock clkin' (rise edge)
                          0.00    5.00   clock source latency
                  0.02    0.02    5.02 v clkin (in)
     1    0.01                           clkin (net)
                  0.02    0.00    5.02 v clkbuf_0_clkin/A (sky130_fd_sc_hd__clkbuf_16)
                  0.03    0.14    5.16 v clkbuf_0_clkin/X (sky130_fd_sc_hd__clkbuf_16)
     2    0.02                           clknet_0_clkin (net)
                  0.03    0.00    5.16 v clkbuf_1_0__f_clkin/A (sky130_fd_sc_hd__clkbuf_16)
                  0.03    0.15    5.30 v clkbuf_1_0__f_clkin/X (sky130_fd_sc_hd__clkbuf_16)
     4    0.02                           clknet_1_0__leaf_clkin (net)
                  0.03    0.00    5.31 v _121__1/A (sky130_fd_sc_hd__inv_2)
                  0.02    0.04    5.34 ^ _121__1/Y (sky130_fd_sc_hd__inv_2)
     1    0.00                           net7 (net)
                  0.02    0.00    5.34 ^ _129_/CLK (sky130_fd_sc_hd__dfxtp_1)
                  0.08    0.35    5.69 v _129_/Q (sky130_fd_sc_hd__dfxtp_1)
     6    0.02                           nc[0] (net)
                  0.08    0.00    5.69 v _085_/A (sky130_vsdinv)
                  0.06    0.08    5.78 ^ _085_/Y (sky130_vsdinv)
     2    0.01                           _032_ (net)
                  0.06    0.00    5.78 ^ _088_/A1_N (sky130_fd_sc_hd__a2bb2o_1)
                  0.05    0.30    6.07 v _088_/X (sky130_fd_sc_hd__a2bb2o_1)
     1    0.00                           _034_ (net)
                  0.05    0.00    6.07 v _091_/A1 (sky130_fd_sc_hd__a21o_1)
                  0.04    0.16    6.24 v _091_/X (sky130_fd_sc_hd__a21o_1)
     1    0.00                           _037_ (net)
                  0.04    0.00    6.24 v _099_/A2 (sky130_fd_sc_hd__a211oi_1)
                  0.23    0.27    6.51 ^ _099_/Y (sky130_fd_sc_hd__a211oi_1)
     1    0.00                           net6 (net)
                  0.23    0.00    6.51 ^ output6/A (sky130_fd_sc_hd__buf_2)
                  0.18    0.27    6.78 ^ output6/X (sky130_fd_sc_hd__buf_2)
     1    0.03                           clkout (net)
                  0.18    0.00    6.78 ^ clkout (out)
                                  6.78   data arrival time

                         10.00   10.00   clock clkin (rise edge)
                          0.00   10.00   clock network delay (propagated)
                         -0.25    9.75   clock uncertainty
                          0.00    9.75   clock reconvergence pessimism
                         -2.00    7.75   output external delay
                                  7.75   data required time
-----------------------------------------------------------------------------
                                  7.75   data required time
                                 -6.78   data arrival time
-----------------------------------------------------------------------------
                                  0.97   slack (MET)


Startpoint: n[2] (input port clocked by clkin)
Endpoint: _130_ (rising edge-triggered flip-flop clocked by clkin')
Path Group: clkin
Path Type: max

Fanout     Cap    Slew   Delay    Time   Description
-----------------------------------------------------------------------------
                          0.00    0.00   clock clkin (rise edge)
                          0.00    0.00   clock network delay (propagated)
                          2.00    2.00 v input external delay
                  0.01    0.01    2.01 v n[2] (in)
     1    0.00                           n[2] (net)
                  0.01    0.00    2.01 v input4/A (sky130_fd_sc_hd__dlymetal6s2s_1)
                  0.10    0.19    2.20 v input4/X (sky130_fd_sc_hd__dlymetal6s2s_1)
     6    0.02                           net4 (net)
                  0.10    0.00    2.20 v _063_/B (sky130_fd_sc_hd__or4_1)
                  0.10    0.56    2.76 v _063_/X (sky130_fd_sc_hd__or4_1)
     2    0.00                           _013_ (net)
                  0.10    0.00    2.76 v _064_/B (sky130_fd_sc_hd__and2_1)
                  0.07    0.22    2.98 v _064_/X (sky130_fd_sc_hd__and2_1)
     3    0.01                           _014_ (net)
                  0.07    0.00    2.98 v _076_/A2 (sky130_fd_sc_hd__a21boi_1)
                  0.27    0.28    3.26 ^ _076_/Y (sky130_fd_sc_hd__a21boi_1)
     4    0.01                           _026_ (net)
                  0.27    0.00    3.26 ^ _084_/B1 (sky130_fd_sc_hd__o2111a_1)
                  0.05    0.24    3.49 ^ _084_/X (sky130_fd_sc_hd__o2111a_1)
     1    0.00                           _009_ (net)
                  0.05    0.00    3.49 ^ _130_/D (sky130_fd_sc_hd__dfxtp_1)
                                  3.49   data arrival time

                          5.00    5.00   clock clkin' (rise edge)
                          0.00    5.00   clock source latency
                  0.02    0.01    5.01 v clkin (in)
     1    0.01                           clkin (net)
                  0.02    0.00    5.01 v clkbuf_0_clkin/A (sky130_fd_sc_hd__clkbuf_16)
                  0.03    0.13    5.14 v clkbuf_0_clkin/X (sky130_fd_sc_hd__clkbuf_16)
     2    0.02                           clknet_0_clkin (net)
                  0.03    0.00    5.14 v clkbuf_1_0__f_clkin/A (sky130_fd_sc_hd__clkbuf_16)
                  0.03    0.13    5.28 v clkbuf_1_0__f_clkin/X (sky130_fd_sc_hd__clkbuf_16)
     4    0.02                           clknet_1_0__leaf_clkin (net)
                  0.03    0.00    5.28 v _122__2/A (sky130_fd_sc_hd__inv_2)
                  0.02    0.03    5.31 ^ _122__2/Y (sky130_fd_sc_hd__inv_2)
     1    0.00                           net8 (net)
                  0.02    0.00    5.31 ^ _130_/CLK (sky130_fd_sc_hd__dfxtp_1)
                         -0.25    5.06   clock uncertainty
                          0.00    5.06   clock reconvergence pessimism
                         -0.06    5.00   library setup time
                                  5.00   data required time
-----------------------------------------------------------------------------
                                  5.00   data required time
                                 -3.49   data arrival time
-----------------------------------------------------------------------------
                                  1.51   slack (MET)


Startpoint: n[2] (input port clocked by clkin)
Endpoint: _131_ (rising edge-triggered flip-flop clocked by clkin')
Path Group: clkin
Path Type: max

Fanout     Cap    Slew   Delay    Time   Description
-----------------------------------------------------------------------------
                          0.00    0.00   clock clkin (rise edge)
                          0.00    0.00   clock network delay (propagated)
                          2.00    2.00 v input external delay
                  0.01    0.01    2.01 v n[2] (in)
     1    0.00                           n[2] (net)
                  0.01    0.00    2.01 v input4/A (sky130_fd_sc_hd__dlymetal6s2s_1)
                  0.10    0.19    2.20 v input4/X (sky130_fd_sc_hd__dlymetal6s2s_1)
     6    0.02                           net4 (net)
                  0.10    0.00    2.20 v _063_/B (sky130_fd_sc_hd__or4_1)
                  0.10    0.56    2.76 v _063_/X (sky130_fd_sc_hd__or4_1)
     2    0.00                           _013_ (net)
                  0.10    0.00    2.76 v _064_/B (sky130_fd_sc_hd__and2_1)
                  0.07    0.22    2.98 v _064_/X (sky130_fd_sc_hd__and2_1)
     3    0.01                           _014_ (net)
                  0.07    0.00    2.98 v _076_/A2 (sky130_fd_sc_hd__a21boi_1)
                  0.27    0.28    3.26 ^ _076_/Y (sky130_fd_sc_hd__a21boi_1)
     4    0.01                           _026_ (net)
                  0.27    0.00    3.26 ^ _082_/B1 (sky130_fd_sc_hd__o211a_1)
                  0.06    0.21    3.47 ^ _082_/X (sky130_fd_sc_hd__o211a_1)
     1    0.00                           _010_ (net)
                  0.06    0.00    3.47 ^ _131_/D (sky130_fd_sc_hd__dfxtp_1)
                                  3.47   data arrival time

                          5.00    5.00   clock clkin' (rise edge)
                          0.00    5.00   clock source latency
                  0.02    0.01    5.01 v clkin (in)
     1    0.01                           clkin (net)
                  0.02    0.00    5.01 v clkbuf_0_clkin/A (sky130_fd_sc_hd__clkbuf_16)
                  0.03    0.13    5.14 v clkbuf_0_clkin/X (sky130_fd_sc_hd__clkbuf_16)
     2    0.02                           clknet_0_clkin (net)
                  0.03    0.00    5.14 v clkbuf_1_1__f_clkin/A (sky130_fd_sc_hd__clkbuf_16)
                  0.03    0.13    5.27 v clkbuf_1_1__f_clkin/X (sky130_fd_sc_hd__clkbuf_16)
     4    0.01                           clknet_1_1__leaf_clkin (net)
                  0.03    0.00    5.27 v _123__3/A (sky130_fd_sc_hd__inv_2)
                  0.02    0.03    5.31 ^ _123__3/Y (sky130_fd_sc_hd__inv_2)
     1    0.00                           net9 (net)
                  0.02    0.00    5.31 ^ _131_/CLK (sky130_fd_sc_hd__dfxtp_1)
                         -0.25    5.06   clock uncertainty
                          0.00    5.06   clock reconvergence pessimism
                         -0.06    5.00   library setup time
                                  5.00   data required time
-----------------------------------------------------------------------------
                                  5.00   data required time
                                 -3.47   data arrival time
-----------------------------------------------------------------------------
                                  1.53   slack (MET)


Startpoint: n[2] (input port clocked by clkin)
Endpoint: _132_ (rising edge-triggered flip-flop clocked by clkin')
Path Group: clkin
Path Type: max

Fanout     Cap    Slew   Delay    Time   Description
-----------------------------------------------------------------------------
                          0.00    0.00   clock clkin (rise edge)
                          0.00    0.00   clock network delay (propagated)
                          2.00    2.00 v input external delay
                  0.01    0.01    2.01 v n[2] (in)
     1    0.00                           n[2] (net)
                  0.01    0.00    2.01 v input4/A (sky130_fd_sc_hd__dlymetal6s2s_1)
                  0.10    0.19    2.20 v input4/X (sky130_fd_sc_hd__dlymetal6s2s_1)
     6    0.02                           net4 (net)
                  0.10    0.00    2.20 v _063_/B (sky130_fd_sc_hd__or4_1)
                  0.10    0.56    2.76 v _063_/X (sky130_fd_sc_hd__or4_1)
     2    0.00                           _013_ (net)
                  0.10    0.00    2.76 v _064_/B (sky130_fd_sc_hd__and2_1)
                  0.07    0.22    2.98 v _064_/X (sky130_fd_sc_hd__and2_1)
     3    0.01                           _014_ (net)
                  0.07    0.00    2.98 v _076_/A2 (sky130_fd_sc_hd__a21boi_1)
                  0.27    0.28    3.26 ^ _076_/Y (sky130_fd_sc_hd__a21boi_1)
     4    0.01                           _026_ (net)
                  0.27    0.00    3.26 ^ _079_/B1 (sky130_fd_sc_hd__o211a_1)
                  0.05    0.21    3.46 ^ _079_/X (sky130_fd_sc_hd__o211a_1)
     1    0.00                           _011_ (net)
                  0.05    0.00    3.46 ^ _132_/D (sky130_fd_sc_hd__dfxtp_1)
                                  3.46   data arrival time

                          5.00    5.00   clock clkin' (rise edge)
                          0.00    5.00   clock source latency
                  0.02    0.01    5.01 v clkin (in)
     1    0.01                           clkin (net)
                  0.02    0.00    5.01 v clkbuf_0_clkin/A (sky130_fd_sc_hd__clkbuf_16)
                  0.03    0.13    5.14 v clkbuf_0_clkin/X (sky130_fd_sc_hd__clkbuf_16)
     2    0.02                           clknet_0_clkin (net)
                  0.03    0.00    5.14 v clkbuf_1_0__f_clkin/A (sky130_fd_sc_hd__clkbuf_16)
                  0.03    0.13    5.28 v clkbuf_1_0__f_clkin/X (sky130_fd_sc_hd__clkbuf_16)
     4    0.02                           clknet_1_0__leaf_clkin (net)
                  0.03    0.00    5.28 v _124__4/A (sky130_fd_sc_hd__inv_2)
                  0.02    0.03    5.31 ^ _124__4/Y (sky130_fd_sc_hd__inv_2)
     1    0.00                           net10 (net)
                  0.02    0.00    5.31 ^ _132_/CLK (sky130_fd_sc_hd__dfxtp_1)
                         -0.25    5.06   clock uncertainty
                          0.00    5.06   clock reconvergence pessimism
                         -0.06    5.00   library setup time
                                  5.00   data required time
-----------------------------------------------------------------------------
                                  5.00   data required time
                                 -3.46   data arrival time
-----------------------------------------------------------------------------
                                  1.54   slack (MET)


Startpoint: n[2] (input port clocked by clkin)
Endpoint: _129_ (rising edge-triggered flip-flop clocked by clkin')
Path Group: clkin
Path Type: max

Fanout     Cap    Slew   Delay    Time   Description
-----------------------------------------------------------------------------
                          0.00    0.00   clock clkin (rise edge)
                          0.00    0.00   clock network delay (propagated)
                          2.00    2.00 v input external delay
                  0.01    0.01    2.01 v n[2] (in)
     1    0.00                           n[2] (net)
                  0.01    0.00    2.01 v input4/A (sky130_fd_sc_hd__dlymetal6s2s_1)
                  0.10    0.19    2.20 v input4/X (sky130_fd_sc_hd__dlymetal6s2s_1)
     6    0.02                           net4 (net)
                  0.10    0.00    2.20 v _063_/B (sky130_fd_sc_hd__or4_1)
                  0.10    0.56    2.76 v _063_/X (sky130_fd_sc_hd__or4_1)
     2    0.00                           _013_ (net)
                  0.10    0.00    2.76 v _064_/B (sky130_fd_sc_hd__and2_1)
                  0.07    0.22    2.98 v _064_/X (sky130_fd_sc_hd__and2_1)
     3    0.01                           _014_ (net)
                  0.07    0.00    2.98 v _076_/A2 (sky130_fd_sc_hd__a21boi_1)
                  0.27    0.28    3.26 ^ _076_/Y (sky130_fd_sc_hd__a21boi_1)
     4    0.01                           _026_ (net)
                  0.27    0.00    3.26 ^ _086_/B1 (sky130_fd_sc_hd__o211a_1)
                  0.05    0.21    3.46 ^ _086_/X (sky130_fd_sc_hd__o211a_1)
     1    0.00                           _008_ (net)
                  0.05    0.00    3.46 ^ _129_/D (sky130_fd_sc_hd__dfxtp_1)
                                  3.46   data arrival time

                          5.00    5.00   clock clkin' (rise edge)
                          0.00    5.00   clock source latency
                  0.02    0.01    5.01 v clkin (in)
     1    0.01                           clkin (net)
                  0.02    0.00    5.01 v clkbuf_0_clkin/A (sky130_fd_sc_hd__clkbuf_16)
                  0.03    0.13    5.14 v clkbuf_0_clkin/X (sky130_fd_sc_hd__clkbuf_16)
     2    0.02                           clknet_0_clkin (net)
                  0.03    0.00    5.14 v clkbuf_1_0__f_clkin/A (sky130_fd_sc_hd__clkbuf_16)
                  0.03    0.13    5.28 v clkbuf_1_0__f_clkin/X (sky130_fd_sc_hd__clkbuf_16)
     4    0.02                           clknet_1_0__leaf_clkin (net)
                  0.03    0.00    5.28 v _121__1/A (sky130_fd_sc_hd__inv_2)
                  0.02    0.03    5.31 ^ _121__1/Y (sky130_fd_sc_hd__inv_2)
     1    0.00                           net7 (net)
                  0.02    0.00    5.31 ^ _129_/CLK (sky130_fd_sc_hd__dfxtp_1)
                         -0.25    5.06   clock uncertainty
                          0.00    5.06   clock reconvergence pessimism
                         -0.06    5.00   library setup time
                                  5.00   data required time
-----------------------------------------------------------------------------
                                  5.00   data required time
                                 -3.46   data arrival time
-----------------------------------------------------------------------------
                                  1.54   slack (MET)


max_report_end
check_report

===========================================================================
report_checks -unconstrained
============================================================================
Startpoint: _129_ (rising edge-triggered flip-flop clocked by clkin')
Endpoint: clkout (output port clocked by clkin)
Path Group: clkin
Path Type: max

Fanout     Cap    Slew   Delay    Time   Description
-----------------------------------------------------------------------------
                          5.00    5.00   clock clkin' (rise edge)
                          0.00    5.00   clock source latency
                  0.02    0.02    5.02 v clkin (in)
     1    0.01                           clkin (net)
                  0.02    0.00    5.02 v clkbuf_0_clkin/A (sky130_fd_sc_hd__clkbuf_16)
                  0.03    0.14    5.16 v clkbuf_0_clkin/X (sky130_fd_sc_hd__clkbuf_16)
     2    0.02                           clknet_0_clkin (net)
                  0.03    0.00    5.16 v clkbuf_1_0__f_clkin/A (sky130_fd_sc_hd__clkbuf_16)
                  0.03    0.15    5.30 v clkbuf_1_0__f_clkin/X (sky130_fd_sc_hd__clkbuf_16)
     4    0.02                           clknet_1_0__leaf_clkin (net)
                  0.03    0.00    5.31 v _121__1/A (sky130_fd_sc_hd__inv_2)
                  0.02    0.04    5.34 ^ _121__1/Y (sky130_fd_sc_hd__inv_2)
     1    0.00                           net7 (net)
                  0.02    0.00    5.34 ^ _129_/CLK (sky130_fd_sc_hd__dfxtp_1)
                  0.08    0.35    5.69 v _129_/Q (sky130_fd_sc_hd__dfxtp_1)
     6    0.02                           nc[0] (net)
                  0.08    0.00    5.69 v _085_/A (sky130_vsdinv)
                  0.06    0.08    5.78 ^ _085_/Y (sky130_vsdinv)
     2    0.01                           _032_ (net)
                  0.06    0.00    5.78 ^ _088_/A1_N (sky130_fd_sc_hd__a2bb2o_1)
                  0.05    0.30    6.07 v _088_/X (sky130_fd_sc_hd__a2bb2o_1)
     1    0.00                           _034_ (net)
                  0.05    0.00    6.07 v _091_/A1 (sky130_fd_sc_hd__a21o_1)
                  0.04    0.16    6.24 v _091_/X (sky130_fd_sc_hd__a21o_1)
     1    0.00                           _037_ (net)
                  0.04    0.00    6.24 v _099_/A2 (sky130_fd_sc_hd__a211oi_1)
                  0.23    0.27    6.51 ^ _099_/Y (sky130_fd_sc_hd__a211oi_1)
     1    0.00                           net6 (net)
                  0.23    0.00    6.51 ^ output6/A (sky130_fd_sc_hd__buf_2)
                  0.18    0.27    6.78 ^ output6/X (sky130_fd_sc_hd__buf_2)
     1    0.03                           clkout (net)
                  0.18    0.00    6.78 ^ clkout (out)
                                  6.78   data arrival time

                         10.00   10.00   clock clkin (rise edge)
                          0.00   10.00   clock network delay (propagated)
                         -0.25    9.75   clock uncertainty
                          0.00    9.75   clock reconvergence pessimism
                         -2.00    7.75   output external delay
                                  7.75   data required time
-----------------------------------------------------------------------------
                                  7.75   data required time
                                 -6.78   data arrival time
-----------------------------------------------------------------------------
                                  0.97   slack (MET)



===========================================================================
report_checks --slack_max -0.01
============================================================================
No paths found.
check_report_end
check_slew

===========================================================================
 report_check_types -max_slew -max_cap -max_fanout -violators
============================================================================

===========================================================================
max slew violation count 0
max fanout violation count 0
max cap violation count 0
============================================================================
check_slew_end
tns_report

===========================================================================
 report_tns
============================================================================
tns 0.00
tns_report_end
wns_report

===========================================================================
 report_wns
============================================================================
wns 0.00
wns_report_end
worst_slack

===========================================================================
 report_worst_slack -max (Setup)
============================================================================
worst slack 0.97

===========================================================================
 report_worst_slack -min (Hold)
============================================================================
worst slack 0.31
worst_slack_end
clock_skew

===========================================================================
 report_clock_skew
============================================================================
Clock clkin
Latency      CRPR       Skew
_129_/CLK ^
   0.34
_131_/CLK ^
   0.31     -0.01       0.02

clock_skew_end
power_report

===========================================================================
 report_power
============================================================================
Group                  Internal  Switching    Leakage      Total
                          Power      Power      Power      Power (Watts)
----------------------------------------------------------------
Sequential             3.42e-05   2.67e-06   6.75e-11   3.69e-05  28.1%
Combinational          6.35e-05   3.09e-05   4.17e-10   9.45e-05  71.9%
Macro                  0.00e+00   0.00e+00   0.00e+00   0.00e+00   0.0%
Pad                    0.00e+00   0.00e+00   0.00e+00   0.00e+00   0.0%
----------------------------------------------------------------
Total                  9.78e-05   3.36e-05   4.85e-10   1.31e-04 100.0%
                          74.4%      25.6%       0.0%
power_report_end
area_report

===========================================================================
 report_design_area
============================================================================
Design area 881 u^2 27% utilization.
area_report_end
