OpenROAD 4a99e88667b0840531ca0096c4fa0da8f80d6cb1 
This program is licensed under the BSD-3 license. See the LICENSE file for details.
Components of this program may be licensed under more restrictive licenses which must be honored.
[INFO ODB-0222] Reading LEF file: /openlane/designs/iiitb_freqdiv/runs/RUN_2022.08.28_05.03.34/tmp/merged.nom.lef
[WARNING ODB-0220] WARNING (LEFPARS-2036): SOURCE statement is obsolete in version 5.6 and later.
The LEF parser will ignore this statement.
To avoid this warning in the future, remove this statement from the LEF file with version 5.6 or later. See file /openlane/designs/iiitb_freqdiv/runs/RUN_2022.08.28_05.03.34/tmp/merged.nom.lef at line 930.

[INFO ODB-0223]     Created 13 technology layers
[INFO ODB-0224]     Created 25 technology vias
[INFO ODB-0225]     Created 442 library cells
[INFO ODB-0226] Finished LEF file:  /openlane/designs/iiitb_freqdiv/runs/RUN_2022.08.28_05.03.34/tmp/merged.nom.lef
[INFO ODB-0127] Reading DEF file: /openlane/designs/iiitb_freqdiv/runs/RUN_2022.08.28_05.03.34/tmp/routing/19-fill.def
[INFO ODB-0128] Design: iiitb_freqdiv
[INFO ODB-0130]     Created 9 pins.
[INFO ODB-0131]     Created 460 components and 2010 component-terminals.
[INFO ODB-0132]     Created 2 special nets and 1738 connections.
[INFO ODB-0133]     Created 86 nets and 272 connections.
[INFO ODB-0134] Finished DEF file: /openlane/designs/iiitb_freqdiv/runs/RUN_2022.08.28_05.03.34/tmp/routing/19-fill.def
[INFO ORD-0030] Using 2 thread(s).
[INFO DRT-0149] Reading tech and libs.

Units:                1000
Number of layers:     13
Number of macros:     442
Number of vias:       25
Number of viarulegen: 25

[INFO DRT-0150] Reading design.

Design:                   iiitb_freqdiv
Die area:                 ( 0 0 ) ( 69110 79830 )
Number of track patterns: 12
Number of DEF vias:       4
Number of components:     460
Number of terminals:      9
Number of snets:          2
Number of nets:           86

[INFO DRT-0167] List of default vias:
  Layer mcon
    default via: L1M1_PR
  Layer via
    default via: M1M2_PR
  Layer via2
    default via: M2M3_PR
  Layer via3
    default via: M3M4_PR
  Layer via4
    default via: M4M5_PR
[INFO DRT-0162] Library cell analysis.
[INFO DRT-0163] Instance analysis.
[INFO DRT-0164] Number of unique instances = 72.
[INFO DRT-0168] Init region query.
[INFO DRT-0024]   Complete FR_MASTERSLICE.
[INFO DRT-0024]   Complete FR_VIA.
[INFO DRT-0024]   Complete li1.
[INFO DRT-0024]   Complete mcon.
[INFO DRT-0024]   Complete met1.
[INFO DRT-0024]   Complete via.
[INFO DRT-0024]   Complete met2.
[INFO DRT-0024]   Complete via2.
[INFO DRT-0024]   Complete met3.
[INFO DRT-0024]   Complete via3.
[INFO DRT-0024]   Complete met4.
[INFO DRT-0024]   Complete via4.
[INFO DRT-0024]   Complete met5.
[INFO DRT-0033] FR_MASTERSLICE shape region query size = 0.
[INFO DRT-0033] FR_VIA shape region query size = 0.
[INFO DRT-0033] li1 shape region query size = 3905.
[INFO DRT-0033] mcon shape region query size = 5108.
[INFO DRT-0033] met1 shape region query size = 1142.
[INFO DRT-0033] via shape region query size = 440.
[INFO DRT-0033] met2 shape region query size = 268.
[INFO DRT-0033] via2 shape region query size = 352.
[INFO DRT-0033] met3 shape region query size = 267.
[INFO DRT-0033] via3 shape region query size = 352.
[INFO DRT-0033] met4 shape region query size = 136.
[INFO DRT-0033] via4 shape region query size = 32.
[INFO DRT-0033] met5 shape region query size = 48.
[INFO DRT-0165] Start pin access.
[INFO DRT-0076]   Complete 100 pins.
[INFO DRT-0076]   Complete 200 pins.
[INFO DRT-0078]   Complete 205 pins.
[INFO DRT-0081]   Complete 64 unique inst patterns.
[INFO DRT-0084]   Complete 80 groups.
#scanned instances     = 460
#unique  instances     = 72
#stdCellGenAp          = 1679
#stdCellValidPlanarAp  = 0
#stdCellValidViaAp     = 1318
#stdCellPinNoAp        = 0
#stdCellPinCnt         = 272
#instTermValidViaApCnt = 0
#macroGenAp            = 0
#macroValidPlanarAp    = 0
#macroValidViaAp       = 0
#macroNoAp             = 0
[INFO DRT-0166] Complete pin access.
[INFO DRT-0267] cpu time = 00:00:04, elapsed time = 00:00:02, memory = 101.23 (MB), peak = 101.23 (MB)

Number of guides:     549

[INFO DRT-0169] Post process guides.
[INFO DRT-0176] GCELLGRID X 0 DO 10 STEP 6900 ;
[INFO DRT-0177] GCELLGRID Y 0 DO 11 STEP 6900 ;
[INFO DRT-0028]   Complete FR_MASTERSLICE.
[INFO DRT-0028]   Complete FR_VIA.
[INFO DRT-0028]   Complete li1.
[INFO DRT-0028]   Complete mcon.
[INFO DRT-0028]   Complete met1.
[INFO DRT-0028]   Complete via.
[INFO DRT-0028]   Complete met2.
[INFO DRT-0028]   Complete via2.
[INFO DRT-0028]   Complete met3.
[INFO DRT-0028]   Complete via3.
[INFO DRT-0028]   Complete met4.
[INFO DRT-0028]   Complete via4.
[INFO DRT-0028]   Complete met5.
[INFO DRT-0178] Init guide query.
[INFO DRT-0035]   Complete FR_MASTERSLICE (guide).
[INFO DRT-0035]   Complete FR_VIA (guide).
[INFO DRT-0035]   Complete li1 (guide).
[INFO DRT-0035]   Complete mcon (guide).
[INFO DRT-0035]   Complete met1 (guide).
[INFO DRT-0035]   Complete via (guide).
[INFO DRT-0035]   Complete met2 (guide).
[INFO DRT-0035]   Complete via2 (guide).
[INFO DRT-0035]   Complete met3 (guide).
[INFO DRT-0035]   Complete via3 (guide).
[INFO DRT-0035]   Complete met4 (guide).
[INFO DRT-0035]   Complete via4 (guide).
[INFO DRT-0035]   Complete met5 (guide).
[INFO DRT-0036] FR_MASTERSLICE guide region query size = 0.
[INFO DRT-0036] FR_VIA guide region query size = 0.
[INFO DRT-0036] li1 guide region query size = 220.
[INFO DRT-0036] mcon guide region query size = 0.
[INFO DRT-0036] met1 guide region query size = 164.
[INFO DRT-0036] via guide region query size = 0.
[INFO DRT-0036] met2 guide region query size = 85.
[INFO DRT-0036] via2 guide region query size = 0.
[INFO DRT-0036] met3 guide region query size = 3.
[INFO DRT-0036] via3 guide region query size = 0.
[INFO DRT-0036] met4 guide region query size = 0.
[INFO DRT-0036] via4 guide region query size = 0.
[INFO DRT-0036] met5 guide region query size = 0.
[INFO DRT-0179] Init gr pin query.
[INFO DRT-0245] skipped writing guide updates to database.
[INFO DRT-0185] Post process initialize RPin region query.
[INFO DRT-0181] Start track assignment.
[INFO DRT-0184] Done with 305 vertical wires in 1 frboxes and 167 horizontal wires in 1 frboxes.
[INFO DRT-0186] Done with 44 vertical wires in 1 frboxes and 48 horizontal wires in 1 frboxes.
[INFO DRT-0182] Complete track assignment.
[INFO DRT-0267] cpu time = 00:00:00, elapsed time = 00:00:00, memory = 103.03 (MB), peak = 103.03 (MB)
[INFO DRT-0187] Start routing data preparation.
[INFO DRT-0267] cpu time = 00:00:00, elapsed time = 00:00:00, memory = 103.20 (MB), peak = 103.20 (MB)
[INFO DRT-0194] Start detail routing.
[INFO DRT-0195] Start 0th optimization iteration.
    Completing 10% with 0 violations.
    elapsed time = 00:00:00, memory = 112.05 (MB).
    Completing 20% with 4 violations.
    elapsed time = 00:00:00, memory = 125.97 (MB).
    Completing 30% with 10 violations.
    elapsed time = 00:00:00, memory = 126.00 (MB).
    Completing 40% with 23 violations.
    elapsed time = 00:00:00, memory = 117.10 (MB).
[INFO DRT-0199]   Number of violations = 24.
[INFO DRT-0267] cpu time = 00:00:01, elapsed time = 00:00:01, memory = 123.23 (MB), peak = 470.57 (MB)
Total wire length = 1913 um.
Total wire length on LAYER li1 = 0 um.
Total wire length on LAYER met1 = 1058 um.
Total wire length on LAYER met2 = 840 um.
Total wire length on LAYER met3 = 14 um.
Total wire length on LAYER met4 = 0 um.
Total wire length on LAYER met5 = 0 um.
Total number of vias = 552.
Up-via summary (total 552):.

----------------------
 FR_MASTERSLICE      0
            li1    272
           met1    277
           met2      3
           met3      0
           met4      0
----------------------
                   552


[INFO DRT-0195] Start 1st optimization iteration.
    Completing 10% with 24 violations.
    elapsed time = 00:00:00, memory = 123.23 (MB).
    Completing 20% with 24 violations.
    elapsed time = 00:00:00, memory = 123.23 (MB).
    Completing 30% with 24 violations.
    elapsed time = 00:00:00, memory = 123.23 (MB).
    Completing 40% with 24 violations.
    elapsed time = 00:00:00, memory = 143.60 (MB).
[INFO DRT-0199]   Number of violations = 0.
[INFO DRT-0267] cpu time = 00:00:00, elapsed time = 00:00:00, memory = 118.14 (MB), peak = 470.57 (MB)
Total wire length = 1879 um.
Total wire length on LAYER li1 = 0 um.
Total wire length on LAYER met1 = 1029 um.
Total wire length on LAYER met2 = 835 um.
Total wire length on LAYER met3 = 14 um.
Total wire length on LAYER met4 = 0 um.
Total wire length on LAYER met5 = 0 um.
Total number of vias = 545.
Up-via summary (total 545):.

----------------------
 FR_MASTERSLICE      0
            li1    272
           met1    270
           met2      3
           met3      0
           met4      0
----------------------
                   545


[INFO DRT-0198] Complete detail routing.
Total wire length = 1879 um.
Total wire length on LAYER li1 = 0 um.
Total wire length on LAYER met1 = 1029 um.
Total wire length on LAYER met2 = 835 um.
Total wire length on LAYER met3 = 14 um.
Total wire length on LAYER met4 = 0 um.
Total wire length on LAYER met5 = 0 um.
Total number of vias = 545.
Up-via summary (total 545):.

----------------------
 FR_MASTERSLICE      0
            li1    272
           met1    270
           met2      3
           met3      0
           met4      0
----------------------
                   545


[INFO DRT-0267] cpu time = 00:00:02, elapsed time = 00:00:02, memory = 118.14 (MB), peak = 470.57 (MB)

[INFO DRT-0180] Post processing.
Saving to /openlane/designs/iiitb_freqdiv/runs/RUN_2022.08.28_05.03.34/results/routing/iiitb_freqdiv.def
