
===========================================================================
report_checks -path_delay min (Hold)
============================================================================
Startpoint: _129_ (rising edge-triggered flip-flop clocked by clkin')
Endpoint: _129_ (rising edge-triggered flip-flop clocked by clkin')
Path Group: clkin
Path Type: min

Fanout     Cap    Slew   Delay    Time   Description
-----------------------------------------------------------------------------
                  0.15    5.00    5.00   clock clkin' (rise edge)
                          0.00    5.00   clock network delay (ideal)
                  0.15    0.00    5.00 ^ _129_/CLK (sky130_fd_sc_hd__dfxtp_1)
                  0.08    0.36    5.36 v _129_/Q (sky130_fd_sc_hd__dfxtp_1)
     6    0.02                           nc[0] (net)
                  0.08    0.00    5.36 v _085_/A (sky130_vsdinv)
                  0.05    0.07    5.43 ^ _085_/Y (sky130_vsdinv)
     2    0.00                           _032_ (net)
                  0.05    0.00    5.43 ^ _086_/C1 (sky130_fd_sc_hd__o211a_1)
                  0.04    0.12    5.55 ^ _086_/X (sky130_fd_sc_hd__o211a_1)
     1    0.00                           _008_ (net)
                  0.04    0.00    5.55 ^ _129_/D (sky130_fd_sc_hd__dfxtp_1)
                                  5.55   data arrival time

                  0.15    5.00    5.00   clock clkin' (rise edge)
                          0.00    5.00   clock network delay (ideal)
                          0.25    5.25   clock uncertainty
                          0.00    5.25   clock reconvergence pessimism
                                  5.25 ^ _129_/CLK (sky130_fd_sc_hd__dfxtp_1)
                         -0.02    5.23   library hold time
                                  5.23   data required time
-----------------------------------------------------------------------------
                                  5.23   data required time
                                 -5.55   data arrival time
-----------------------------------------------------------------------------
                                  0.32   slack (MET)


Startpoint: _132_ (rising edge-triggered flip-flop clocked by clkin')
Endpoint: _132_ (rising edge-triggered flip-flop clocked by clkin')
Path Group: clkin
Path Type: min

Fanout     Cap    Slew   Delay    Time   Description
-----------------------------------------------------------------------------
                  0.15    5.00    5.00   clock clkin' (rise edge)
                          0.00    5.00   clock network delay (ideal)
                  0.15    0.00    5.00 ^ _132_/CLK (sky130_fd_sc_hd__dfxtp_1)
                  0.14    0.39    5.39 ^ _132_/Q (sky130_fd_sc_hd__dfxtp_1)
     4    0.01                           nc[3] (net)
                  0.14    0.00    5.39 ^ _078_/A (sky130_fd_sc_hd__xor2_1)
                  0.04    0.08    5.47 v _078_/X (sky130_fd_sc_hd__xor2_1)
     1    0.00                           _028_ (net)
                  0.04    0.00    5.47 v _079_/C1 (sky130_fd_sc_hd__o211a_1)
                  0.03    0.09    5.56 v _079_/X (sky130_fd_sc_hd__o211a_1)
     1    0.00                           _011_ (net)
                  0.03    0.00    5.56 v _132_/D (sky130_fd_sc_hd__dfxtp_1)
                                  5.56   data arrival time

                  0.15    5.00    5.00   clock clkin' (rise edge)
                          0.00    5.00   clock network delay (ideal)
                          0.25    5.25   clock uncertainty
                          0.00    5.25   clock reconvergence pessimism
                                  5.25 ^ _132_/CLK (sky130_fd_sc_hd__dfxtp_1)
                         -0.02    5.23   library hold time
                                  5.23   data required time
-----------------------------------------------------------------------------
                                  5.23   data required time
                                 -5.56   data arrival time
-----------------------------------------------------------------------------
                                  0.34   slack (MET)


Startpoint: _129_ (rising edge-triggered flip-flop clocked by clkin')
Endpoint: _130_ (rising edge-triggered flip-flop clocked by clkin')
Path Group: clkin
Path Type: min

Fanout     Cap    Slew   Delay    Time   Description
-----------------------------------------------------------------------------
                  0.15    5.00    5.00   clock clkin' (rise edge)
                          0.00    5.00   clock network delay (ideal)
                  0.15    0.00    5.00 ^ _129_/CLK (sky130_fd_sc_hd__dfxtp_1)
                  0.08    0.36    5.36 v _129_/Q (sky130_fd_sc_hd__dfxtp_1)
     6    0.02                           nc[0] (net)
                  0.08    0.00    5.36 v _069_/B (sky130_fd_sc_hd__nand2_1)
                  0.07    0.09    5.45 ^ _069_/Y (sky130_fd_sc_hd__nand2_1)
     2    0.01                           _019_ (net)
                  0.07    0.00    5.45 ^ _084_/D1 (sky130_fd_sc_hd__o2111a_1)
                  0.05    0.15    5.60 ^ _084_/X (sky130_fd_sc_hd__o2111a_1)
     1    0.00                           _009_ (net)
                  0.05    0.00    5.60 ^ _130_/D (sky130_fd_sc_hd__dfxtp_1)
                                  5.60   data arrival time

                  0.15    5.00    5.00   clock clkin' (rise edge)
                          0.00    5.00   clock network delay (ideal)
                          0.25    5.25   clock uncertainty
                          0.00    5.25   clock reconvergence pessimism
                                  5.25 ^ _130_/CLK (sky130_fd_sc_hd__dfxtp_1)
                         -0.02    5.23   library hold time
                                  5.23   data required time
-----------------------------------------------------------------------------
                                  5.23   data required time
                                 -5.60   data arrival time
-----------------------------------------------------------------------------
                                  0.37   slack (MET)


Startpoint: _132_ (rising edge-triggered flip-flop clocked by clkin')
Endpoint: _131_ (rising edge-triggered flip-flop clocked by clkin')
Path Group: clkin
Path Type: min

Fanout     Cap    Slew   Delay    Time   Description
-----------------------------------------------------------------------------
                  0.15    5.00    5.00   clock clkin' (rise edge)
                          0.00    5.00   clock network delay (ideal)
                  0.15    0.00    5.00 ^ _132_/CLK (sky130_fd_sc_hd__dfxtp_1)
                  0.14    0.39    5.39 ^ _132_/Q (sky130_fd_sc_hd__dfxtp_1)
     4    0.01                           nc[3] (net)
                  0.14    0.00    5.39 ^ _076_/A1 (sky130_fd_sc_hd__a21boi_1)
                  0.07    0.12    5.51 v _076_/Y (sky130_fd_sc_hd__a21boi_1)
     4    0.01                           _026_ (net)
                  0.07    0.00    5.51 v _082_/B1 (sky130_fd_sc_hd__o211a_1)
                  0.03    0.13    5.64 v _082_/X (sky130_fd_sc_hd__o211a_1)
     1    0.00                           _010_ (net)
                  0.03    0.00    5.64 v _131_/D (sky130_fd_sc_hd__dfxtp_1)
                                  5.64   data arrival time

                  0.15    5.00    5.00   clock clkin' (rise edge)
                          0.00    5.00   clock network delay (ideal)
                          0.25    5.25   clock uncertainty
                          0.00    5.25   clock reconvergence pessimism
                                  5.25 ^ _131_/CLK (sky130_fd_sc_hd__dfxtp_1)
                         -0.03    5.22   library hold time
                                  5.22   data required time
-----------------------------------------------------------------------------
                                  5.22   data required time
                                 -5.64   data arrival time
-----------------------------------------------------------------------------
                                  0.41   slack (MET)


Startpoint: _125_ (rising edge-triggered flip-flop clocked by clkin)
Endpoint: _125_ (rising edge-triggered flip-flop clocked by clkin)
Path Group: clkin
Path Type: min

Fanout     Cap    Slew   Delay    Time   Description
-----------------------------------------------------------------------------
                  0.15    0.00    0.00   clock clkin (rise edge)
                          0.00    0.00   clock network delay (ideal)
                  0.15    0.00    0.00 ^ _125_/CLK (sky130_fd_sc_hd__dfxtp_1)
                  0.09    0.37    0.37 v _125_/Q (sky130_fd_sc_hd__dfxtp_1)
     7    0.02                           pc[0] (net)
                  0.09    0.00    0.37 v _108_/A_N (sky130_fd_sc_hd__and3b_1)
                  0.05    0.21    0.57 ^ _108_/X (sky130_fd_sc_hd__and3b_1)
     1    0.00                           _053_ (net)
                  0.05    0.00    0.57 ^ _109_/A (sky130_fd_sc_hd__clkbuf_1)
                  0.05    0.08    0.66 ^ _109_/X (sky130_fd_sc_hd__clkbuf_1)
     1    0.00                           _004_ (net)
                  0.05    0.00    0.66 ^ _125_/D (sky130_fd_sc_hd__dfxtp_1)
                                  0.66   data arrival time

                  0.15    0.00    0.00   clock clkin (rise edge)
                          0.00    0.00   clock network delay (ideal)
                          0.25    0.25   clock uncertainty
                          0.00    0.25   clock reconvergence pessimism
                                  0.25 ^ _125_/CLK (sky130_fd_sc_hd__dfxtp_1)
                         -0.02    0.23   library hold time
                                  0.23   data required time
-----------------------------------------------------------------------------
                                  0.23   data required time
                                 -0.66   data arrival time
-----------------------------------------------------------------------------
                                  0.42   slack (MET)


