
===========================================================================
report_checks -unconstrained
============================================================================
Startpoint: n[2] (input port clocked by clkin)
Endpoint: _130_ (rising edge-triggered flip-flop clocked by clkin')
Path Group: clkin
Path Type: max

Fanout     Cap    Slew   Delay    Time   Description
-----------------------------------------------------------------------------
                  0.15    0.00    0.00   clock clkin (rise edge)
                          0.00    0.00   clock network delay (ideal)
                          2.00    2.00 v input external delay
                  0.01    0.00    2.00 v n[2] (in)
     1    0.00                           n[2] (net)
                  0.01    0.00    2.00 v input4/A (sky130_fd_sc_hd__dlymetal6s2s_1)
                  0.10    0.18    2.19 v input4/X (sky130_fd_sc_hd__dlymetal6s2s_1)
     6    0.02                           net4 (net)
                  0.10    0.00    2.19 v _063_/B (sky130_fd_sc_hd__or4_1)
                  0.10    0.55    2.74 v _063_/X (sky130_fd_sc_hd__or4_1)
     2    0.00                           _013_ (net)
                  0.10    0.00    2.74 v _064_/B (sky130_fd_sc_hd__and2_1)
                  0.06    0.21    2.95 v _064_/X (sky130_fd_sc_hd__and2_1)
     3    0.01                           _014_ (net)
                  0.06    0.00    2.95 v _076_/A2 (sky130_fd_sc_hd__a21boi_1)
                  0.27    0.27    3.22 ^ _076_/Y (sky130_fd_sc_hd__a21boi_1)
     4    0.01                           _026_ (net)
                  0.27    0.00    3.22 ^ _084_/B1 (sky130_fd_sc_hd__o2111a_1)
                  0.05    0.23    3.46 ^ _084_/X (sky130_fd_sc_hd__o2111a_1)
     1    0.00                           _009_ (net)
                  0.05    0.00    3.46 ^ _130_/D (sky130_fd_sc_hd__dfxtp_1)
                                  3.46   data arrival time

                  0.15    5.00    5.00   clock clkin' (rise edge)
                          0.00    5.00   clock network delay (ideal)
                         -0.25    4.75   clock uncertainty
                          0.00    4.75   clock reconvergence pessimism
                                  4.75 ^ _130_/CLK (sky130_fd_sc_hd__dfxtp_1)
                         -0.04    4.71   library setup time
                                  4.71   data required time
-----------------------------------------------------------------------------
                                  4.71   data required time
                                 -3.46   data arrival time
-----------------------------------------------------------------------------
                                  1.25   slack (MET)



===========================================================================
report_checks --slack_max -0.01
============================================================================
No paths found.
