Sun Aug 28 05:03:35 UTC 2022 - Executing "openroad -python /openlane/scripts/odbpy/lefutil.py get_metal_layers -o /openlane/designs/iiitb_freqdiv/runs/RUN_2022.08.28_05.03.34/tmp/layers.list /home/nandu/OpenLane/pdks/sky130A/libs.ref/sky130_fd_sc_hd/techlef/sky130_fd_sc_hd__nom.tlef"

Sun Aug 28 05:03:36 UTC 2022 - Executing "/openlane/scripts/mergeLef.py -o /openlane/designs/iiitb_freqdiv/runs/RUN_2022.08.28_05.03.34/tmp/merged.nom.lef -i /home/nandu/OpenLane/pdks/sky130A/libs.ref/sky130_fd_sc_hd/techlef/sky130_fd_sc_hd__nom.tlef {/home/nandu/OpenLane/pdks/sky130A/libs.ref/sky130_fd_sc_hd/lef/sky130_ef_sc_hd.lef /home/nandu/OpenLane/pdks/sky130A/libs.ref/sky130_fd_sc_hd/lef/sky130_fd_sc_hd.lef} |& tee /dev/null"

Sun Aug 28 05:03:36 UTC 2022 - Executing "/openlane/scripts/mergeLef.py -o /openlane/designs/iiitb_freqdiv/runs/RUN_2022.08.28_05.03.34/tmp/merged.min.lef -i /home/nandu/OpenLane/pdks/sky130A/libs.ref/sky130_fd_sc_hd/techlef/sky130_fd_sc_hd__min.tlef {/home/nandu/OpenLane/pdks/sky130A/libs.ref/sky130_fd_sc_hd/lef/sky130_ef_sc_hd.lef /home/nandu/OpenLane/pdks/sky130A/libs.ref/sky130_fd_sc_hd/lef/sky130_fd_sc_hd.lef} |& tee /dev/null"

Sun Aug 28 05:03:36 UTC 2022 - Executing "/openlane/scripts/mergeLef.py -o /openlane/designs/iiitb_freqdiv/runs/RUN_2022.08.28_05.03.34/tmp/merged.max.lef -i /home/nandu/OpenLane/pdks/sky130A/libs.ref/sky130_fd_sc_hd/techlef/sky130_fd_sc_hd__max.tlef {/home/nandu/OpenLane/pdks/sky130A/libs.ref/sky130_fd_sc_hd/lef/sky130_ef_sc_hd.lef /home/nandu/OpenLane/pdks/sky130A/libs.ref/sky130_fd_sc_hd/lef/sky130_fd_sc_hd.lef} |& tee /dev/null"

Sun Aug 28 05:03:36 UTC 2022 - Executing "openroad -python /openlane/scripts/mergeLib.py --output /openlane/designs/iiitb_freqdiv/runs/RUN_2022.08.28_05.03.34/tmp/synthesis/merged.lib --name sky130A_merged /openlane/designs/iiitb_freqdiv/src/sky130_fd_sc_hd__typical.lib"

Sun Aug 28 05:03:37 UTC 2022 - Executing "openroad -python /openlane/scripts/libtrim.py --cell-file /openlane/designs/iiitb_freqdiv/runs/RUN_2022.08.28_05.03.34/tmp/synthesis/trimmed.lib.exclude.list --output /openlane/designs/iiitb_freqdiv/runs/RUN_2022.08.28_05.03.34/tmp/synthesis/trimmed.lib /openlane/designs/iiitb_freqdiv/runs/RUN_2022.08.28_05.03.34/tmp/synthesis/merged.lib"

Sun Aug 28 05:03:37 UTC 2022 - Executing "openroad -python /openlane/scripts/new_tracks.py -i /home/nandu/OpenLane/pdks/sky130A/libs.tech/openlane/sky130_fd_sc_hd/tracks.info -o /openlane/designs/iiitb_freqdiv/runs/RUN_2022.08.28_05.03.34/tmp/routing/config.tracks"

Sun Aug 28 05:03:37 UTC 2022 - Executing "echo {openlane 57f3f21d6e1d0403a88d7a7973f7447597aae160} > /openlane/designs/iiitb_freqdiv/runs/RUN_2022.08.28_05.03.34/OPENLANE_VERSION"

Sun Aug 28 05:04:11 UTC 2022 - Executing "/openlane/scripts/mergeLef.py -i /openlane/designs/iiitb_freqdiv/runs/RUN_2022.08.28_05.03.34/tmp/merged.nom.lef /openlane/designs/iiitb_freqdiv/src/sky130_vsdinv.lef -o /openlane/designs/iiitb_freqdiv/runs/RUN_2022.08.28_05.03.34/tmp/merged.nom.lef.new"

Sun Aug 28 05:04:11 UTC 2022 - Executing "mv /openlane/designs/iiitb_freqdiv/runs/RUN_2022.08.28_05.03.34/tmp/merged.nom.lef.new /openlane/designs/iiitb_freqdiv/runs/RUN_2022.08.28_05.03.34/tmp/merged.nom.lef"

Sun Aug 28 05:27:58 UTC 2022 - Executing "sed -E {s/^([[:space:]]+)pg_pin(.*)/\1pin\2\n\1    direction : "inout";/g} /openlane/designs/iiitb_freqdiv/src/sky130_fd_sc_hd__typical.lib > /openlane/designs/iiitb_freqdiv/runs/RUN_2022.08.28_05.03.34/tmp/synthesis/1-sky130_fd_sc_hd__typical.no_pg.lib"

Sun Aug 28 05:27:58 UTC 2022 - Executing "sed -E {s/^([[:space:]]+)pg_pin(.*)/\1pin\2\n\1    direction : "inout";/g} /openlane/designs/iiitb_freqdiv/runs/RUN_2022.08.28_05.03.34/tmp/synthesis/trimmed.lib > /openlane/designs/iiitb_freqdiv/runs/RUN_2022.08.28_05.03.34/tmp/synthesis/1-trimmed.no_pg.lib"

Sun Aug 28 05:27:58 UTC 2022 - Executing "yosys -c /openlane/scripts/yosys/synth.tcl -l /openlane/designs/iiitb_freqdiv/runs/RUN_2022.08.28_05.03.34/logs/synthesis/1-synthesis.log |& tee /dev/null"

Sun Aug 28 05:27:59 UTC 2022 - Executing "sed -i -e {s/\(set ::env(CURRENT_NETLIST)\).*/\1 \/openlane\/designs\/iiitb_freqdiv\/runs\/RUN_2022.08.28_05.03.34\/results\/synthesis\/iiitb_freqdiv.v/} /openlane/designs/iiitb_freqdiv/runs/RUN_2022.08.28_05.03.34/config.tcl"

Sun Aug 28 05:27:59 UTC 2022 - Executing "sed -i -e {s/\(set ::env(PREV_NETLIST)\).*/\1 0/} /openlane/designs/iiitb_freqdiv/runs/RUN_2022.08.28_05.03.34/config.tcl"

Sun Aug 28 05:27:59 UTC 2022 - Executing "sed -i /defparam/d /openlane/designs/iiitb_freqdiv/runs/RUN_2022.08.28_05.03.34/results/synthesis/iiitb_freqdiv.v"

Sun Aug 28 05:27:59 UTC 2022 - Executing "openroad -exit /openlane/scripts/openroad/sta.tcl |& tee /dev/null /openlane/designs/iiitb_freqdiv/runs/RUN_2022.08.28_05.03.34/logs/synthesis/2-sta.log"

Sun Aug 28 05:40:12 UTC 2022 - Executing "openroad -exit /openlane/scripts/openroad/floorplan.tcl |& tee /dev/null /openlane/designs/iiitb_freqdiv/runs/RUN_2022.08.28_05.03.34/logs/floorplan/3-initial_fp.log"

Sun Aug 28 05:40:12 UTC 2022 - Executing "openroad -python /openlane/scripts/odbpy/snap_to_grid.py --output /openlane/designs/iiitb_freqdiv/runs/RUN_2022.08.28_05.03.34/tmp/floorplan/3-minimized_pdn.txt --input-lef /openlane/designs/iiitb_freqdiv/runs/RUN_2022.08.28_05.03.34/tmp/merged.nom.lef 7.244999999999999 7.14 14.489999999999998 14.28"

Sun Aug 28 05:40:12 UTC 2022 - Executing "openroad -python /openlane/scripts/odbpy/defutil.py extract_core_dims --output-data /openlane/designs/iiitb_freqdiv/runs/RUN_2022.08.28_05.03.34/tmp/dimensions.txt --input-lef /openlane/designs/iiitb_freqdiv/runs/RUN_2022.08.28_05.03.34/tmp/merged.nom.lef /openlane/designs/iiitb_freqdiv/runs/RUN_2022.08.28_05.03.34/tmp/floorplan/3-initial_fp.def"

Sun Aug 28 05:40:13 UTC 2022 - Executing "openroad -exit /openlane/scripts/openroad/ioplacer.tcl |& tee /dev/null /openlane/designs/iiitb_freqdiv/runs/RUN_2022.08.28_05.03.34/logs/floorplan/4-io.log"

Sun Aug 28 05:40:13 UTC 2022 - Executing "openroad -exit /openlane/scripts/openroad/tapcell.tcl |& tee /dev/null /openlane/designs/iiitb_freqdiv/runs/RUN_2022.08.28_05.03.34/logs/floorplan/5-tap.log"

Sun Aug 28 05:40:13 UTC 2022 - Executing "openroad -exit /openlane/scripts/openroad/pdn.tcl |& tee /dev/null /openlane/designs/iiitb_freqdiv/runs/RUN_2022.08.28_05.03.34/logs/floorplan/6-pdn.log"

Sun Aug 28 05:49:37 UTC 2022 - Executing "openroad -exit /openlane/scripts/openroad/gpl.tcl |& tee /dev/null /openlane/designs/iiitb_freqdiv/runs/RUN_2022.08.28_05.03.34/logs/placement/7-global.log"

Sun Aug 28 05:49:38 UTC 2022 - Executing "openroad -exit /openlane/scripts/openroad/resizer.tcl |& tee /dev/null /openlane/designs/iiitb_freqdiv/runs/RUN_2022.08.28_05.03.34/logs/placement/8-resizer.log"

Sun Aug 28 05:49:38 UTC 2022 - Executing "openroad -exit /openlane/scripts/openroad/write_verilog.tcl |& tee /dev/null /openlane/designs/iiitb_freqdiv/runs/RUN_2022.08.28_05.03.34/logs/placement/9-write_verilog.log"

Sun Aug 28 05:49:39 UTC 2022 - Executing "sed -i -e {s/\(set ::env(CURRENT_NETLIST)\).*/\1 \/openlane\/designs\/iiitb_freqdiv\/runs\/RUN_2022.08.28_05.03.34\/results\/placement\/iiitb_freqdiv.resized.v/} /openlane/designs/iiitb_freqdiv/runs/RUN_2022.08.28_05.03.34/config.tcl"

Sun Aug 28 05:49:39 UTC 2022 - Executing "sed -i -e {s/\(set ::env(PREV_NETLIST)\).*/\1 \/openlane\/designs\/iiitb_freqdiv\/runs\/RUN_2022.08.28_05.03.34\/results\/synthesis\/iiitb_freqdiv.v/} /openlane/designs/iiitb_freqdiv/runs/RUN_2022.08.28_05.03.34/config.tcl"

Sun Aug 28 05:49:39 UTC 2022 - Executing "openroad -python /openlane/scripts/odbpy/remove_buffers.py --output /openlane/designs/iiitb_freqdiv/runs/RUN_2022.08.28_05.03.34/tmp/placement/8-resizer.buffers_removed.def --input-lef /openlane/designs/iiitb_freqdiv/runs/RUN_2022.08.28_05.03.34/tmp/merged.nom.lef --match {^$} /openlane/designs/iiitb_freqdiv/runs/RUN_2022.08.28_05.03.34/tmp/placement/8-resizer.def |& tee /dev/null /openlane/designs/iiitb_freqdiv/runs/RUN_2022.08.28_05.03.34/logs/placement/10-remove_buffers.log"

Sun Aug 28 05:49:39 UTC 2022 - Executing "openroad -exit /openlane/scripts/openroad/dpl.tcl |& tee /dev/null /openlane/designs/iiitb_freqdiv/runs/RUN_2022.08.28_05.03.34/logs/placement/11-detailed.log"

Sun Aug 28 06:00:25 UTC 2022 - Executing "openroad -python /openlane/scripts/libtrim.py --cell-file /openlane/designs/iiitb_freqdiv/runs/RUN_2022.08.28_05.03.34/tmp/cts/cts.lib.exclude.list --output /openlane/designs/iiitb_freqdiv/runs/RUN_2022.08.28_05.03.34/tmp/cts/cts.lib /openlane/designs/iiitb_freqdiv/src/sky130_fd_sc_hd__typical.lib"

Sun Aug 28 06:00:25 UTC 2022 - Executing "openroad -exit /openlane/scripts/openroad/cts.tcl |& tee /dev/null /openlane/designs/iiitb_freqdiv/runs/RUN_2022.08.28_05.03.34/logs/cts/12-cts.log"

Sun Aug 28 06:00:46 UTC 2022 - Executing "openroad -exit /openlane/scripts/openroad/write_verilog.tcl |& tee /dev/null /openlane/designs/iiitb_freqdiv/runs/RUN_2022.08.28_05.03.34/logs/cts/13-write_verilog.log"

Sun Aug 28 06:00:47 UTC 2022 - Executing "sed -i -e {s/\(set ::env(CURRENT_NETLIST)\).*/\1 \/openlane\/designs\/iiitb_freqdiv\/runs\/RUN_2022.08.28_05.03.34\/results\/cts\/iiitb_freqdiv.v/} /openlane/designs/iiitb_freqdiv/runs/RUN_2022.08.28_05.03.34/config.tcl"

Sun Aug 28 06:00:47 UTC 2022 - Executing "sed -i -e {s/\(set ::env(PREV_NETLIST)\).*/\1 \/openlane\/designs\/iiitb_freqdiv\/runs\/RUN_2022.08.28_05.03.34\/results\/placement\/iiitb_freqdiv.resized.v/} /openlane/designs/iiitb_freqdiv/runs/RUN_2022.08.28_05.03.34/config.tcl"

Sun Aug 28 06:01:54 UTC 2022 - Executing "openroad -exit /openlane/scripts/openroad/resizer_routing_timing.tcl |& tee /dev/null /openlane/designs/iiitb_freqdiv/runs/RUN_2022.08.28_05.03.34/logs/routing/14-resizer.log"

Sun Aug 28 06:01:55 UTC 2022 - Executing "openroad -exit /openlane/scripts/openroad/write_verilog.tcl |& tee /dev/null /openlane/designs/iiitb_freqdiv/runs/RUN_2022.08.28_05.03.34/logs/routing/15-write_verilog.log"

Sun Aug 28 06:01:55 UTC 2022 - Executing "sed -i -e {s/\(set ::env(CURRENT_NETLIST)\).*/\1 \/openlane\/designs\/iiitb_freqdiv\/runs\/RUN_2022.08.28_05.03.34\/results\/routing\/iiitb_freqdiv.resized.v/} /openlane/designs/iiitb_freqdiv/runs/RUN_2022.08.28_05.03.34/config.tcl"

Sun Aug 28 06:01:55 UTC 2022 - Executing "sed -i -e {s/\(set ::env(PREV_NETLIST)\).*/\1 \/openlane\/designs\/iiitb_freqdiv\/runs\/RUN_2022.08.28_05.03.34\/results\/cts\/iiitb_freqdiv.v/} /openlane/designs/iiitb_freqdiv/runs/RUN_2022.08.28_05.03.34/config.tcl"

Sun Aug 28 06:01:55 UTC 2022 - Executing "openroad -python /openlane/scripts/odbpy/remove_buffers.py --output /openlane/designs/iiitb_freqdiv/runs/RUN_2022.08.28_05.03.34/tmp/routing/14-resizer_timing.buffers_removed.def --input-lef /openlane/designs/iiitb_freqdiv/runs/RUN_2022.08.28_05.03.34/tmp/merged.nom.lef --match {^$} /openlane/designs/iiitb_freqdiv/runs/RUN_2022.08.28_05.03.34/tmp/routing/14-resizer_timing.def |& tee /dev/null /openlane/designs/iiitb_freqdiv/runs/RUN_2022.08.28_05.03.34/logs/placement/16-remove_buffers.log"

Sun Aug 28 06:01:55 UTC 2022 - Executing "openroad -exit /openlane/scripts/openroad/dpl.tcl |& tee /dev/null /openlane/designs/iiitb_freqdiv/runs/RUN_2022.08.28_05.03.34/logs/routing/17-diode_legalization.log"

Sun Aug 28 06:01:56 UTC 2022 - Executing "openroad -exit /openlane/scripts/openroad/groute.tcl |& tee /dev/null /openlane/designs/iiitb_freqdiv/runs/RUN_2022.08.28_05.03.34/logs/routing/18-global.log"

Sun Aug 28 06:01:56 UTC 2022 - Executing "openroad -exit /openlane/scripts/openroad/fill.tcl |& tee /dev/null /openlane/designs/iiitb_freqdiv/runs/RUN_2022.08.28_05.03.34/logs/routing/19-fill.log"

Sun Aug 28 06:01:56 UTC 2022 - Executing "openroad -exit /openlane/scripts/openroad/write_verilog.tcl |& tee /dev/null /openlane/designs/iiitb_freqdiv/runs/RUN_2022.08.28_05.03.34/logs/routing/20-write_verilog_global.log"

Sun Aug 28 06:01:57 UTC 2022 - Executing "sed -i -e {s/\(set ::env(CURRENT_NETLIST)\).*/\1 \/openlane\/designs\/iiitb_freqdiv\/runs\/RUN_2022.08.28_05.03.34\/tmp\/routing\/19-global.v/} /openlane/designs/iiitb_freqdiv/runs/RUN_2022.08.28_05.03.34/config.tcl"

Sun Aug 28 06:01:57 UTC 2022 - Executing "sed -i -e {s/\(set ::env(PREV_NETLIST)\).*/\1 \/openlane\/designs\/iiitb_freqdiv\/runs\/RUN_2022.08.28_05.03.34\/results\/routing\/iiitb_freqdiv.resized.v/} /openlane/designs/iiitb_freqdiv/runs/RUN_2022.08.28_05.03.34/config.tcl"

Sun Aug 28 06:01:57 UTC 2022 - Executing "openroad -exit /openlane/scripts/openroad/droute.tcl |& tee /dev/null /openlane/designs/iiitb_freqdiv/runs/RUN_2022.08.28_05.03.34/logs/routing/21-detailed.log"

Sun Aug 28 06:02:01 UTC 2022 - Executing "openroad -python /openlane/scripts/drc_rosetta.py tr to_klayout -o /openlane/designs/iiitb_freqdiv/runs/RUN_2022.08.28_05.03.34/reports/routing/drt.klayout.xml --design-name iiitb_freqdiv /openlane/designs/iiitb_freqdiv/runs/RUN_2022.08.28_05.03.34/reports/routing/drt.drc"

Sun Aug 28 06:02:02 UTC 2022 - Executing "openroad -exit /openlane/scripts/openroad/write_verilog.tcl |& tee /dev/null /openlane/designs/iiitb_freqdiv/runs/RUN_2022.08.28_05.03.34/logs/routing/22-write_verilog_detailed.log"

Sun Aug 28 06:02:02 UTC 2022 - Executing "sed -i -e {s/\(set ::env(CURRENT_NETLIST)\).*/\1 \/openlane\/designs\/iiitb_freqdiv\/runs\/RUN_2022.08.28_05.03.34\/tmp\/routing\/21-detailed.v/} /openlane/designs/iiitb_freqdiv/runs/RUN_2022.08.28_05.03.34/config.tcl"

Sun Aug 28 06:02:02 UTC 2022 - Executing "sed -i -e {s/\(set ::env(PREV_NETLIST)\).*/\1 \/openlane\/designs\/iiitb_freqdiv\/runs\/RUN_2022.08.28_05.03.34\/tmp\/routing\/19-global.v/} /openlane/designs/iiitb_freqdiv/runs/RUN_2022.08.28_05.03.34/config.tcl"

Sun Aug 28 06:13:51 UTC 2022 - Executing "magic -noconsole -dnull -rcfile /home/nandu/OpenLane/pdks/sky130A/libs.tech/magic/sky130A.magicrc < /openlane/scripts/magic/mag_gds.tcl |& tee /dev/null /openlane/designs/iiitb_freqdiv/runs/RUN_2022.08.28_05.03.34/logs/signoff/23-gdsii.log"

Sun Aug 28 06:13:51 UTC 2022 - Executing "magic -noconsole -dnull -rcfile /home/nandu/OpenLane/pdks/sky130A/libs.tech/magic/sky130A.magicrc < /openlane/scripts/magic/gds_pointers.tcl |& tee /dev/null /openlane/designs/iiitb_freqdiv/runs/RUN_2022.08.28_05.03.34/logs/signoff/23-gds_ptrs.log"

Sun Aug 28 06:13:51 UTC 2022 - Executing "sed -i -n {/^<< properties >>/,/^<< end >>/p} /openlane/designs/iiitb_freqdiv/runs/RUN_2022.08.28_05.03.34/tmp/signoff/gds_ptrs.mag"

Sun Aug 28 06:13:51 UTC 2022 - Executing "magic -noconsole -dnull -rcfile /home/nandu/OpenLane/pdks/sky130A/libs.tech/magic/sky130A.magicrc < /openlane/scripts/magic/lef.tcl |& tee /dev/null /openlane/designs/iiitb_freqdiv/runs/RUN_2022.08.28_05.03.34/logs/signoff/23-lef.log"

Sun Aug 28 06:13:52 UTC 2022 - Executing "magic -noconsole -dnull -rcfile /home/nandu/OpenLane/pdks/sky130A/libs.tech/magic/sky130A.magicrc < /openlane/scripts/magic/maglef.tcl |& tee /dev/null /openlane/designs/iiitb_freqdiv/runs/RUN_2022.08.28_05.03.34/logs/signoff/23-maglef.log"

Sun Aug 28 06:14:23 UTC 2022 - Executing "magic -noconsole -dnull -rcfile /home/nandu/OpenLane/pdks/sky130A/libs.tech/magic/sky130A.magicrc < /openlane/scripts/magic/extract_spice.tcl |& tee /dev/null /openlane/designs/iiitb_freqdiv/runs/RUN_2022.08.28_05.03.34/logs/signoff/24-spice.log"

Sun Aug 28 06:14:32 UTC 2022 - Executing "magic -noconsole -dnull -rcfile /home/nandu/OpenLane/pdks/sky130A/libs.tech/magic/sky130A.magicrc < /openlane/scripts/magic/drc.tcl |& tee /dev/null /openlane/designs/iiitb_freqdiv/runs/RUN_2022.08.28_05.03.34/logs/signoff/25-drc.log"

Sun Aug 28 06:14:33 UTC 2022 - Executing "openroad -python /openlane/scripts/drc_rosetta.py magic to_tcl -o /openlane/designs/iiitb_freqdiv/runs/RUN_2022.08.28_05.03.34/reports/signoff/drc.tcl /openlane/designs/iiitb_freqdiv/runs/RUN_2022.08.28_05.03.34/reports/signoff/drc.rpt"

Sun Aug 28 06:14:33 UTC 2022 - Executing "openroad -python /openlane/scripts/drc_rosetta.py magic to_tr -o /openlane/designs/iiitb_freqdiv/runs/RUN_2022.08.28_05.03.34/reports/signoff/drc.tr /openlane/designs/iiitb_freqdiv/runs/RUN_2022.08.28_05.03.34/reports/signoff/drc.rpt"

Sun Aug 28 06:14:33 UTC 2022 - Executing "openroad -python /openlane/scripts/drc_rosetta.py tr to_klayout -o /openlane/designs/iiitb_freqdiv/runs/RUN_2022.08.28_05.03.34/reports/signoff/drc.klayout.xml --design-name iiitb_freqdiv /openlane/designs/iiitb_freqdiv/runs/RUN_2022.08.28_05.03.34/reports/signoff/drc.tr"

Sun Aug 28 06:14:34 UTC 2022 - Executing "openroad -python /openlane/scripts/drc_rosetta.py magic to_rdb -o /openlane/designs/iiitb_freqdiv/runs/RUN_2022.08.28_05.03.34/reports/signoff/drc.rdb /openlane/designs/iiitb_freqdiv/runs/RUN_2022.08.28_05.03.34/reports/signoff/drc.rpt"

Sun Aug 28 06:14:34 UTC 2022 - Executing "openroad -python /openlane/scripts/generate_reports.py -d /openlane/designs/iiitb_freqdiv --design_name iiitb_freqdiv --tag RUN_2022.08.28_05.03.34 --output_file /openlane/designs/iiitb_freqdiv/runs/RUN_2022.08.28_05.03.34/reports/metrics.csv --man_report /openlane/designs/iiitb_freqdiv/runs/RUN_2022.08.28_05.03.34/reports/manufacturability.rpt --run_path /openlane/designs/iiitb_freqdiv/runs/RUN_2022.08.28_05.03.34"

