
 /----------------------------------------------------------------------------\
 |                                                                            |
 |  yosys -- Yosys Open SYnthesis Suite                                       |
 |                                                                            |
 |  Copyright (C) 2012 - 2020  Claire Xenia Wolf <claire@yosyshq.com>         |
 |                                                                            |
 |  Permission to use, copy, modify, and/or distribute this software for any  |
 |  purpose with or without fee is hereby granted, provided that the above    |
 |  copyright notice and this permission notice appear in all copies.         |
 |                                                                            |
 |  THE SOFTWARE IS PROVIDED "AS IS" AND THE AUTHOR DISCLAIMS ALL WARRANTIES  |
 |  WITH REGARD TO THIS SOFTWARE INCLUDING ALL IMPLIED WARRANTIES OF          |
 |  MERCHANTABILITY AND FITNESS. IN NO EVENT SHALL THE AUTHOR BE LIABLE FOR   |
 |  ANY SPECIAL, DIRECT, INDIRECT, OR CONSEQUENTIAL DAMAGES OR ANY DAMAGES    |
 |  WHATSOEVER RESULTING FROM LOSS OF USE, DATA OR PROFITS, WHETHER IN AN     |
 |  ACTION OF CONTRACT, NEGLIGENCE OR OTHER TORTIOUS ACTION, ARISING OUT OF   |
 |  OR IN CONNECTION WITH THE USE OR PERFORMANCE OF THIS SOFTWARE.            |
 |                                                                            |
 \----------------------------------------------------------------------------/

 Yosys 0.12+45 (git sha1 UNKNOWN, gcc 8.3.1 -fPIC -Os)

[TCL: yosys -import] Command name collision: found pre-existing command `cd' -> skip.
[TCL: yosys -import] Command name collision: found pre-existing command `eval' -> skip.
[TCL: yosys -import] Command name collision: found pre-existing command `exec' -> skip.
[TCL: yosys -import] Command name collision: found pre-existing command `read' -> skip.
[TCL: yosys -import] Command name collision: found pre-existing command `trace' -> skip.

1. Executing Verilog-2005 frontend: /openlane/designs/iiitb_freqdiv/src/iiitb_freqdiv.v
Parsing SystemVerilog input from `/openlane/designs/iiitb_freqdiv/src/iiitb_freqdiv.v' to AST representation.
Generating RTLIL representation for module `\iiitb_freqdiv'.
Successfully finished Verilog frontend.

2. Generating Graphviz representation of design.
Writing dot description to `/openlane/designs/iiitb_freqdiv/runs/RUN_2022.08.28_05.03.34/tmp/synthesis/hierarchy.dot'.
Dumping module iiitb_freqdiv to page 1.

3. Executing HIERARCHY pass (managing design hierarchy).

3.1. Analyzing design hierarchy..
Top module:  \iiitb_freqdiv

3.2. Analyzing design hierarchy..
Top module:  \iiitb_freqdiv
Removed 0 unused modules.

4. Executing TRIBUF pass.

5. Executing SYNTH pass.

5.1. Executing HIERARCHY pass (managing design hierarchy).

5.1.1. Analyzing design hierarchy..
Top module:  \iiitb_freqdiv

5.1.2. Analyzing design hierarchy..
Top module:  \iiitb_freqdiv
Removed 0 unused modules.

5.2. Executing PROC pass (convert processes to netlists).

5.2.1. Executing PROC_CLEAN pass (remove empty switches from decision trees).
Cleaned up 0 empty switches.

5.2.2. Executing PROC_RMDEAD pass (remove dead branches from decision trees).
Marked 2 switch rules as full_case in process $proc$/openlane/designs/iiitb_freqdiv/src/iiitb_freqdiv.v:23$6 in module iiitb_freqdiv.
Marked 2 switch rules as full_case in process $proc$/openlane/designs/iiitb_freqdiv/src/iiitb_freqdiv.v:10$1 in module iiitb_freqdiv.
Removed a total of 0 dead cases.

5.2.3. Executing PROC_PRUNE pass (remove redundant assignments in processes).
Removed 2 redundant assignments.
Promoted 0 assignments to connections.

5.2.4. Executing PROC_INIT pass (extract init attributes).

5.2.5. Executing PROC_ARST pass (detect async resets in processes).

5.2.6. Executing PROC_MUX pass (convert decision trees to multiplexers).
Creating decoders for process `\iiitb_freqdiv.$proc$/openlane/designs/iiitb_freqdiv/src/iiitb_freqdiv.v:23$6'.
     1/1: $0\nc[3:0]
Creating decoders for process `\iiitb_freqdiv.$proc$/openlane/designs/iiitb_freqdiv/src/iiitb_freqdiv.v:10$1'.
     1/1: $0\pc[3:0]

5.2.7. Executing PROC_DLATCH pass (convert process syncs to latches).

5.2.8. Executing PROC_DFF pass (convert process syncs to FFs).
Creating register for signal `\iiitb_freqdiv.\nc' using process `\iiitb_freqdiv.$proc$/openlane/designs/iiitb_freqdiv/src/iiitb_freqdiv.v:23$6'.
  created $dff cell `$procdff$35' with negative edge clock.
Creating register for signal `\iiitb_freqdiv.\pc' using process `\iiitb_freqdiv.$proc$/openlane/designs/iiitb_freqdiv/src/iiitb_freqdiv.v:10$1'.
  created $dff cell `$procdff$36' with positive edge clock.

5.2.9. Executing PROC_MEMWR pass (convert process memory writes to cells).

5.2.10. Executing PROC_CLEAN pass (remove empty switches from decision trees).
Found and cleaned up 2 empty switches in `\iiitb_freqdiv.$proc$/openlane/designs/iiitb_freqdiv/src/iiitb_freqdiv.v:23$6'.
Removing empty process `iiitb_freqdiv.$proc$/openlane/designs/iiitb_freqdiv/src/iiitb_freqdiv.v:23$6'.
Found and cleaned up 2 empty switches in `\iiitb_freqdiv.$proc$/openlane/designs/iiitb_freqdiv/src/iiitb_freqdiv.v:10$1'.
Removing empty process `iiitb_freqdiv.$proc$/openlane/designs/iiitb_freqdiv/src/iiitb_freqdiv.v:10$1'.
Cleaned up 4 empty switches.

5.2.11. Executing OPT_EXPR pass (perform const folding).
Optimizing module iiitb_freqdiv.
<suppressed ~3 debug messages>

5.3. Executing FLATTEN pass (flatten design).

5.4. Executing OPT_EXPR pass (perform const folding).
Optimizing module iiitb_freqdiv.
<suppressed ~7 debug messages>

5.5. Executing OPT_CLEAN pass (remove unused cells and wires).
Finding unused cells or wires in module \iiitb_freqdiv..
Removed 0 unused cells and 12 unused wires.
<suppressed ~1 debug messages>

5.6. Executing CHECK pass (checking for obvious problems).
Checking module iiitb_freqdiv...
Found and reported 0 problems.

5.7. Executing OPT pass (performing simple optimizations).

5.7.1. Executing OPT_EXPR pass (perform const folding).
Optimizing module iiitb_freqdiv.

5.7.2. Executing OPT_MERGE pass (detect identical cells).
Finding identical cells in module `\iiitb_freqdiv'.
<suppressed ~6 debug messages>
Removed a total of 2 cells.

5.7.3. Executing OPT_MUXTREE pass (detect dead branches in mux trees).
Running muxtree optimizer on module \iiitb_freqdiv..
  Creating internal representation of mux trees.
  Evaluating internal representation of mux trees.
  Analyzing evaluation results.
Removed 0 multiplexer ports.
<suppressed ~3 debug messages>

5.7.4. Executing OPT_REDUCE pass (consolidate $*mux and $reduce_* inputs).
  Optimizing cells in module \iiitb_freqdiv.
Performed a total of 0 changes.

5.7.5. Executing OPT_MERGE pass (detect identical cells).
Finding identical cells in module `\iiitb_freqdiv'.
Removed a total of 0 cells.

5.7.6. Executing OPT_DFF pass (perform DFF optimizations).

5.7.7. Executing OPT_CLEAN pass (remove unused cells and wires).
Finding unused cells or wires in module \iiitb_freqdiv..
Removed 0 unused cells and 2 unused wires.
<suppressed ~1 debug messages>

5.7.8. Executing OPT_EXPR pass (perform const folding).
Optimizing module iiitb_freqdiv.

5.7.9. Rerunning OPT passes. (Maybe there is more to do..)

5.7.10. Executing OPT_MUXTREE pass (detect dead branches in mux trees).
Running muxtree optimizer on module \iiitb_freqdiv..
  Creating internal representation of mux trees.
  Evaluating internal representation of mux trees.
  Analyzing evaluation results.
Removed 0 multiplexer ports.
<suppressed ~3 debug messages>

5.7.11. Executing OPT_REDUCE pass (consolidate $*mux and $reduce_* inputs).
  Optimizing cells in module \iiitb_freqdiv.
Performed a total of 0 changes.

5.7.12. Executing OPT_MERGE pass (detect identical cells).
Finding identical cells in module `\iiitb_freqdiv'.
Removed a total of 0 cells.

5.7.13. Executing OPT_DFF pass (perform DFF optimizations).

5.7.14. Executing OPT_CLEAN pass (remove unused cells and wires).
Finding unused cells or wires in module \iiitb_freqdiv..

5.7.15. Executing OPT_EXPR pass (perform const folding).
Optimizing module iiitb_freqdiv.

5.7.16. Finished OPT passes. (There is nothing left to do.)

5.8. Executing FSM pass (extract and optimize FSM).

5.8.1. Executing FSM_DETECT pass (finding FSMs in design).

5.8.2. Executing FSM_EXTRACT pass (extracting FSM from design).

5.8.3. Executing FSM_OPT pass (simple optimizations of FSMs).

5.8.4. Executing OPT_CLEAN pass (remove unused cells and wires).
Finding unused cells or wires in module \iiitb_freqdiv..

5.8.5. Executing FSM_OPT pass (simple optimizations of FSMs).

5.8.6. Executing FSM_RECODE pass (re-assigning FSM state encoding).

5.8.7. Executing FSM_INFO pass (dumping all available information on FSM cells).

5.8.8. Executing FSM_MAP pass (mapping FSMs to basic logic).

5.9. Executing OPT pass (performing simple optimizations).

5.9.1. Executing OPT_EXPR pass (perform const folding).
Optimizing module iiitb_freqdiv.

5.9.2. Executing OPT_MERGE pass (detect identical cells).
Finding identical cells in module `\iiitb_freqdiv'.
Removed a total of 0 cells.

5.9.3. Executing OPT_MUXTREE pass (detect dead branches in mux trees).
Running muxtree optimizer on module \iiitb_freqdiv..
  Creating internal representation of mux trees.
  Evaluating internal representation of mux trees.
  Analyzing evaluation results.
Removed 0 multiplexer ports.
<suppressed ~3 debug messages>

5.9.4. Executing OPT_REDUCE pass (consolidate $*mux and $reduce_* inputs).
  Optimizing cells in module \iiitb_freqdiv.
Performed a total of 0 changes.

5.9.5. Executing OPT_MERGE pass (detect identical cells).
Finding identical cells in module `\iiitb_freqdiv'.
Removed a total of 0 cells.

5.9.6. Executing OPT_DFF pass (perform DFF optimizations).
Adding SRST signal on $procdff$36 ($dff) from module iiitb_freqdiv (D = $add$/openlane/designs/iiitb_freqdiv/src/iiitb_freqdiv.v:15$5_Y [3:0], Q = \pc, rval = 4'0000).
Adding SRST signal on $procdff$35 ($dff) from module iiitb_freqdiv (D = $add$/openlane/designs/iiitb_freqdiv/src/iiitb_freqdiv.v:28$10_Y [3:0], Q = \nc, rval = 4'0000).

5.9.7. Executing OPT_CLEAN pass (remove unused cells and wires).
Finding unused cells or wires in module \iiitb_freqdiv..
Removed 4 unused cells and 4 unused wires.
<suppressed ~5 debug messages>

5.9.8. Executing OPT_EXPR pass (perform const folding).
Optimizing module iiitb_freqdiv.

5.9.9. Rerunning OPT passes. (Maybe there is more to do..)

5.9.10. Executing OPT_MUXTREE pass (detect dead branches in mux trees).
Running muxtree optimizer on module \iiitb_freqdiv..
  Creating internal representation of mux trees.
  Evaluating internal representation of mux trees.
  Analyzing evaluation results.
Removed 0 multiplexer ports.
<suppressed ~1 debug messages>

5.9.11. Executing OPT_REDUCE pass (consolidate $*mux and $reduce_* inputs).
  Optimizing cells in module \iiitb_freqdiv.
Performed a total of 0 changes.

5.9.12. Executing OPT_MERGE pass (detect identical cells).
Finding identical cells in module `\iiitb_freqdiv'.
Removed a total of 0 cells.

5.9.13. Executing OPT_DFF pass (perform DFF optimizations).

5.9.14. Executing OPT_CLEAN pass (remove unused cells and wires).
Finding unused cells or wires in module \iiitb_freqdiv..

5.9.15. Executing OPT_EXPR pass (perform const folding).
Optimizing module iiitb_freqdiv.

5.9.16. Finished OPT passes. (There is nothing left to do.)

5.10. Executing WREDUCE pass (reducing word size of cells).
Removed top 31 bits (of 32) from port B of cell iiitb_freqdiv.$sub$/openlane/designs/iiitb_freqdiv/src/iiitb_freqdiv.v:14$3 ($sub).
Removed top 27 bits (of 32) from port Y of cell iiitb_freqdiv.$sub$/openlane/designs/iiitb_freqdiv/src/iiitb_freqdiv.v:14$3 ($sub).
Removed top 31 bits (of 32) from port B of cell iiitb_freqdiv.$add$/openlane/designs/iiitb_freqdiv/src/iiitb_freqdiv.v:15$5 ($add).
Removed top 28 bits (of 32) from port Y of cell iiitb_freqdiv.$add$/openlane/designs/iiitb_freqdiv/src/iiitb_freqdiv.v:15$5 ($add).
Removed top 31 bits (of 32) from port B of cell iiitb_freqdiv.$add$/openlane/designs/iiitb_freqdiv/src/iiitb_freqdiv.v:28$10 ($add).
Removed top 28 bits (of 32) from port Y of cell iiitb_freqdiv.$add$/openlane/designs/iiitb_freqdiv/src/iiitb_freqdiv.v:28$10 ($add).
Removed top 28 bits (of 32) from port Y of cell iiitb_freqdiv.$mod$/openlane/designs/iiitb_freqdiv/src/iiitb_freqdiv.v:36$11 ($and).
Removed top 29 bits (of 32) from port B of cell iiitb_freqdiv.$lt$/openlane/designs/iiitb_freqdiv/src/iiitb_freqdiv.v:36$14 ($lt).
Removed top 29 bits (of 32) from port A of cell iiitb_freqdiv.$add$/openlane/designs/iiitb_freqdiv/src/iiitb_freqdiv.v:36$16 ($add).
Removed top 31 bits (of 32) from port B of cell iiitb_freqdiv.$add$/openlane/designs/iiitb_freqdiv/src/iiitb_freqdiv.v:36$16 ($add).
Removed top 28 bits (of 32) from port Y of cell iiitb_freqdiv.$add$/openlane/designs/iiitb_freqdiv/src/iiitb_freqdiv.v:36$16 ($add).
Removed top 28 bits (of 32) from port B of cell iiitb_freqdiv.$lt$/openlane/designs/iiitb_freqdiv/src/iiitb_freqdiv.v:36$17 ($lt).
Removed top 28 bits (of 32) from port B of cell iiitb_freqdiv.$lt$/openlane/designs/iiitb_freqdiv/src/iiitb_freqdiv.v:36$20 ($lt).
Removed top 28 bits (of 32) from wire iiitb_freqdiv.$add$/openlane/designs/iiitb_freqdiv/src/iiitb_freqdiv.v:15$5_Y.
Removed top 28 bits (of 32) from wire iiitb_freqdiv.$add$/openlane/designs/iiitb_freqdiv/src/iiitb_freqdiv.v:28$10_Y.
Removed top 28 bits (of 32) from wire iiitb_freqdiv.$add$/openlane/designs/iiitb_freqdiv/src/iiitb_freqdiv.v:36$16_Y.
Removed top 28 bits (of 32) from wire iiitb_freqdiv.$mod$/openlane/designs/iiitb_freqdiv/src/iiitb_freqdiv.v:36$11_Y.

5.11. Executing PEEPOPT pass (run peephole optimizers).

5.12. Executing OPT_CLEAN pass (remove unused cells and wires).
Finding unused cells or wires in module \iiitb_freqdiv..
Removed 0 unused cells and 4 unused wires.
<suppressed ~1 debug messages>

5.13. Executing ALUMACC pass (create $alu and $macc cells).
Extracting $alu and $macc cells in module iiitb_freqdiv:
  creating $macc model for $add$/openlane/designs/iiitb_freqdiv/src/iiitb_freqdiv.v:15$5 ($add).
  creating $macc model for $add$/openlane/designs/iiitb_freqdiv/src/iiitb_freqdiv.v:28$10 ($add).
  creating $macc model for $add$/openlane/designs/iiitb_freqdiv/src/iiitb_freqdiv.v:36$16 ($add).
  creating $macc model for $sub$/openlane/designs/iiitb_freqdiv/src/iiitb_freqdiv.v:14$3 ($sub).
  creating $alu model for $macc $sub$/openlane/designs/iiitb_freqdiv/src/iiitb_freqdiv.v:14$3.
  creating $alu model for $macc $add$/openlane/designs/iiitb_freqdiv/src/iiitb_freqdiv.v:36$16.
  creating $alu model for $macc $add$/openlane/designs/iiitb_freqdiv/src/iiitb_freqdiv.v:28$10.
  creating $alu model for $macc $add$/openlane/designs/iiitb_freqdiv/src/iiitb_freqdiv.v:15$5.
  creating $alu model for $lt$/openlane/designs/iiitb_freqdiv/src/iiitb_freqdiv.v:14$4 ($lt): new $alu
  creating $alu model for $lt$/openlane/designs/iiitb_freqdiv/src/iiitb_freqdiv.v:27$9 ($lt): new $alu
  creating $alu model for $lt$/openlane/designs/iiitb_freqdiv/src/iiitb_freqdiv.v:36$14 ($lt): new $alu
  creating $alu model for $lt$/openlane/designs/iiitb_freqdiv/src/iiitb_freqdiv.v:36$17 ($lt): new $alu
  creating $alu model for $lt$/openlane/designs/iiitb_freqdiv/src/iiitb_freqdiv.v:36$20 ($lt): new $alu
  creating $alu cell for $lt$/openlane/designs/iiitb_freqdiv/src/iiitb_freqdiv.v:36$20: $auto$alumacc.cc:485:replace_alu$52
  creating $alu cell for $lt$/openlane/designs/iiitb_freqdiv/src/iiitb_freqdiv.v:36$17: $auto$alumacc.cc:485:replace_alu$57
  creating $alu cell for $lt$/openlane/designs/iiitb_freqdiv/src/iiitb_freqdiv.v:36$14: $auto$alumacc.cc:485:replace_alu$62
  creating $alu cell for $lt$/openlane/designs/iiitb_freqdiv/src/iiitb_freqdiv.v:27$9: $auto$alumacc.cc:485:replace_alu$73
  creating $alu cell for $lt$/openlane/designs/iiitb_freqdiv/src/iiitb_freqdiv.v:14$4: $auto$alumacc.cc:485:replace_alu$78
  creating $alu cell for $add$/openlane/designs/iiitb_freqdiv/src/iiitb_freqdiv.v:15$5: $auto$alumacc.cc:485:replace_alu$83
  creating $alu cell for $add$/openlane/designs/iiitb_freqdiv/src/iiitb_freqdiv.v:28$10: $auto$alumacc.cc:485:replace_alu$86
  creating $alu cell for $add$/openlane/designs/iiitb_freqdiv/src/iiitb_freqdiv.v:36$16: $auto$alumacc.cc:485:replace_alu$89
  creating $alu cell for $sub$/openlane/designs/iiitb_freqdiv/src/iiitb_freqdiv.v:14$3: $auto$alumacc.cc:485:replace_alu$92
  created 9 $alu and 0 $macc cells.

5.14. Executing SHARE pass (SAT-based resource sharing).

5.15. Executing OPT pass (performing simple optimizations).

5.15.1. Executing OPT_EXPR pass (perform const folding).
Optimizing module iiitb_freqdiv.

5.15.2. Executing OPT_MERGE pass (detect identical cells).
Finding identical cells in module `\iiitb_freqdiv'.
Removed a total of 0 cells.

5.15.3. Executing OPT_MUXTREE pass (detect dead branches in mux trees).
Running muxtree optimizer on module \iiitb_freqdiv..
  Creating internal representation of mux trees.
  Evaluating internal representation of mux trees.
  Analyzing evaluation results.
Removed 0 multiplexer ports.
<suppressed ~1 debug messages>

5.15.4. Executing OPT_REDUCE pass (consolidate $*mux and $reduce_* inputs).
  Optimizing cells in module \iiitb_freqdiv.
Performed a total of 0 changes.

5.15.5. Executing OPT_MERGE pass (detect identical cells).
Finding identical cells in module `\iiitb_freqdiv'.
Removed a total of 0 cells.

5.15.6. Executing OPT_DFF pass (perform DFF optimizations).

5.15.7. Executing OPT_CLEAN pass (remove unused cells and wires).
Finding unused cells or wires in module \iiitb_freqdiv..
Removed 0 unused cells and 5 unused wires.
<suppressed ~1 debug messages>

5.15.8. Executing OPT_EXPR pass (perform const folding).
Optimizing module iiitb_freqdiv.

5.15.9. Rerunning OPT passes. (Maybe there is more to do..)

5.15.10. Executing OPT_MUXTREE pass (detect dead branches in mux trees).
Running muxtree optimizer on module \iiitb_freqdiv..
  Creating internal representation of mux trees.
  Evaluating internal representation of mux trees.
  Analyzing evaluation results.
Removed 0 multiplexer ports.
<suppressed ~1 debug messages>

5.15.11. Executing OPT_REDUCE pass (consolidate $*mux and $reduce_* inputs).
  Optimizing cells in module \iiitb_freqdiv.
Performed a total of 0 changes.

5.15.12. Executing OPT_MERGE pass (detect identical cells).
Finding identical cells in module `\iiitb_freqdiv'.
Removed a total of 0 cells.

5.15.13. Executing OPT_DFF pass (perform DFF optimizations).

5.15.14. Executing OPT_CLEAN pass (remove unused cells and wires).
Finding unused cells or wires in module \iiitb_freqdiv..

5.15.15. Executing OPT_EXPR pass (perform const folding).
Optimizing module iiitb_freqdiv.

5.15.16. Finished OPT passes. (There is nothing left to do.)

5.16. Executing MEMORY pass.

5.16.1. Executing OPT_MEM pass (optimize memories).
Performed a total of 0 transformations.

5.16.2. Executing OPT_MEM_PRIORITY pass (removing unnecessary memory write priority relations).
Performed a total of 0 transformations.

5.16.3. Executing OPT_MEM_FEEDBACK pass (finding memory read-to-write feedback paths).

5.16.4. Executing MEMORY_DFF pass (merging $dff cells to $memrd).

5.16.5. Executing OPT_CLEAN pass (remove unused cells and wires).
Finding unused cells or wires in module \iiitb_freqdiv..

5.16.6. Executing MEMORY_SHARE pass (consolidating $memrd/$memwr cells).

5.16.7. Executing OPT_MEM_WIDEN pass (optimize memories where all ports are wide).
Performed a total of 0 transformations.

5.16.8. Executing OPT_CLEAN pass (remove unused cells and wires).
Finding unused cells or wires in module \iiitb_freqdiv..

5.16.9. Executing MEMORY_COLLECT pass (generating $mem cells).

5.17. Executing OPT_CLEAN pass (remove unused cells and wires).
Finding unused cells or wires in module \iiitb_freqdiv..

5.18. Executing OPT pass (performing simple optimizations).

5.18.1. Executing OPT_EXPR pass (perform const folding).
Optimizing module iiitb_freqdiv.
<suppressed ~9 debug messages>

5.18.2. Executing OPT_MERGE pass (detect identical cells).
Finding identical cells in module `\iiitb_freqdiv'.
Removed a total of 0 cells.

5.18.3. Executing OPT_DFF pass (perform DFF optimizations).

5.18.4. Executing OPT_CLEAN pass (remove unused cells and wires).
Finding unused cells or wires in module \iiitb_freqdiv..
Removed 1 unused cells and 4 unused wires.
<suppressed ~2 debug messages>

5.18.5. Finished fast OPT passes.

5.19. Executing MEMORY_MAP pass (converting memories to logic and flip-flops).

5.20. Executing OPT pass (performing simple optimizations).

5.20.1. Executing OPT_EXPR pass (perform const folding).
Optimizing module iiitb_freqdiv.

5.20.2. Executing OPT_MERGE pass (detect identical cells).
Finding identical cells in module `\iiitb_freqdiv'.
Removed a total of 0 cells.

5.20.3. Executing OPT_MUXTREE pass (detect dead branches in mux trees).
Running muxtree optimizer on module \iiitb_freqdiv..
  Creating internal representation of mux trees.
  Evaluating internal representation of mux trees.
  Analyzing evaluation results.
Removed 0 multiplexer ports.
<suppressed ~1 debug messages>

5.20.4. Executing OPT_REDUCE pass (consolidate $*mux and $reduce_* inputs).
  Optimizing cells in module \iiitb_freqdiv.
Performed a total of 0 changes.

5.20.5. Executing OPT_MERGE pass (detect identical cells).
Finding identical cells in module `\iiitb_freqdiv'.
Removed a total of 0 cells.

5.20.6. Executing OPT_SHARE pass.

5.20.7. Executing OPT_DFF pass (perform DFF optimizations).

5.20.8. Executing OPT_CLEAN pass (remove unused cells and wires).
Finding unused cells or wires in module \iiitb_freqdiv..

5.20.9. Executing OPT_EXPR pass (perform const folding).
Optimizing module iiitb_freqdiv.

5.20.10. Finished OPT passes. (There is nothing left to do.)

5.21. Executing TECHMAP pass (map to technology primitives).

5.21.1. Executing Verilog-2005 frontend: /build/bin/../share/yosys/techmap.v
Parsing Verilog input from `/build/bin/../share/yosys/techmap.v' to AST representation.
Generating RTLIL representation for module `\_90_simplemap_bool_ops'.
Generating RTLIL representation for module `\_90_simplemap_reduce_ops'.
Generating RTLIL representation for module `\_90_simplemap_logic_ops'.
Generating RTLIL representation for module `\_90_simplemap_compare_ops'.
Generating RTLIL representation for module `\_90_simplemap_various'.
Generating RTLIL representation for module `\_90_simplemap_registers'.
Generating RTLIL representation for module `\_90_shift_ops_shr_shl_sshl_sshr'.
Generating RTLIL representation for module `\_90_shift_shiftx'.
Generating RTLIL representation for module `\_90_fa'.
Generating RTLIL representation for module `\_90_lcu'.
Generating RTLIL representation for module `\_90_alu'.
Generating RTLIL representation for module `\_90_macc'.
Generating RTLIL representation for module `\_90_alumacc'.
Generating RTLIL representation for module `\$__div_mod_u'.
Generating RTLIL representation for module `\$__div_mod_trunc'.
Generating RTLIL representation for module `\_90_div'.
Generating RTLIL representation for module `\_90_mod'.
Generating RTLIL representation for module `\$__div_mod_floor'.
Generating RTLIL representation for module `\_90_divfloor'.
Generating RTLIL representation for module `\_90_modfloor'.
Generating RTLIL representation for module `\_90_pow'.
Generating RTLIL representation for module `\_90_pmux'.
Generating RTLIL representation for module `\_90_lut'.
Successfully finished Verilog frontend.

5.21.2. Continuing TECHMAP pass.
Using template $paramod$32a7b7b86c07519b7537abc18e96f0331f97914d\_90_alu for cells of type $alu.
Using extmapper simplemap for cells of type $not.
Using extmapper simplemap for cells of type $reduce_and.
Using template $paramod$dde52db7035cb02b3cc5e73865788532339e3bcb\_90_alu for cells of type $alu.
Using template $paramod$a7817265ef3ab2ee43da53bbd8a90f6450d412d9\_90_alu for cells of type $alu.
Using template $paramod$bfceb922395790c0ce92e9f9b5b428d4fc72cc30\_90_alu for cells of type $alu.
Using template $paramod$1a3a0c35c4a4896fbfd612699525c057298e72d2\_90_alu for cells of type $alu.
Using extmapper simplemap for cells of type $or.
Using extmapper simplemap for cells of type $sdff.
Using template $paramod$740b056ede97228d3eae64ea2fdc81f0a33e0fe7\_90_alu for cells of type $alu.
Using extmapper simplemap for cells of type $logic_and.
Using extmapper simplemap for cells of type $mux.
Using extmapper simplemap for cells of type $xor.
Using extmapper simplemap for cells of type $and.
Using template $paramod\_90_lcu\WIDTH=32'00000000000000000000000000000100 for cells of type $lcu.
Using extmapper simplemap for cells of type $pos.
Using template $paramod\_90_lcu\WIDTH=32'00000000000000000000000000000101 for cells of type $lcu.
Using template $paramod\_90_lcu\WIDTH=32'00000000000000000000000000100000 for cells of type $lcu.
No more expansions possible.
<suppressed ~982 debug messages>

5.22. Executing OPT pass (performing simple optimizations).

5.22.1. Executing OPT_EXPR pass (perform const folding).
Optimizing module iiitb_freqdiv.
<suppressed ~566 debug messages>

5.22.2. Executing OPT_MERGE pass (detect identical cells).
Finding identical cells in module `\iiitb_freqdiv'.
<suppressed ~309 debug messages>
Removed a total of 103 cells.

5.22.3. Executing OPT_DFF pass (perform DFF optimizations).

5.22.4. Executing OPT_CLEAN pass (remove unused cells and wires).
Finding unused cells or wires in module \iiitb_freqdiv..
Removed 59 unused cells and 481 unused wires.
<suppressed ~60 debug messages>

5.22.5. Finished fast OPT passes.

5.23. Executing ABC pass (technology mapping using ABC).

5.23.1. Extracting gate netlist of module `\iiitb_freqdiv' to `<abc-temp-dir>/input.blif'..
Extracted 136 gates and 149 wires to a netlist network with 13 inputs and 11 outputs.

5.23.1.1. Executing ABC.
Running ABC command: <yosys-exe-dir>/yosys-abc -s -f <abc-temp-dir>/abc.script 2>&1
ABC: ABC command line: "source <abc-temp-dir>/abc.script".
ABC: 
ABC: + read_blif <abc-temp-dir>/input.blif 
ABC: + read_library <abc-temp-dir>/stdcells.genlib 
ABC: Entered genlib library with 13 gates from file "<abc-temp-dir>/stdcells.genlib".
ABC: + strash 
ABC: + dretime 
ABC: + map 
ABC: + write_blif <abc-temp-dir>/output.blif 

5.23.1.2. Re-integrating ABC results.
ABC RESULTS:               AND cells:        3
ABC RESULTS:            ANDNOT cells:       44
ABC RESULTS:               MUX cells:        1
ABC RESULTS:              NAND cells:        4
ABC RESULTS:               NOR cells:        6
ABC RESULTS:               NOT cells:        7
ABC RESULTS:                OR cells:       13
ABC RESULTS:             ORNOT cells:        3
ABC RESULTS:              XNOR cells:        2
ABC RESULTS:               XOR cells:       27
ABC RESULTS:        internal signals:      125
ABC RESULTS:           input signals:       13
ABC RESULTS:          output signals:       11
Removing temp directory.

5.24. Executing OPT pass (performing simple optimizations).

5.24.1. Executing OPT_EXPR pass (perform const folding).
Optimizing module iiitb_freqdiv.

5.24.2. Executing OPT_MERGE pass (detect identical cells).
Finding identical cells in module `\iiitb_freqdiv'.
Removed a total of 0 cells.

5.24.3. Executing OPT_DFF pass (perform DFF optimizations).

5.24.4. Executing OPT_CLEAN pass (remove unused cells and wires).
Finding unused cells or wires in module \iiitb_freqdiv..
Removed 0 unused cells and 87 unused wires.
<suppressed ~1 debug messages>

5.24.5. Finished fast OPT passes.

5.25. Executing HIERARCHY pass (managing design hierarchy).

5.25.1. Analyzing design hierarchy..
Top module:  \iiitb_freqdiv

5.25.2. Analyzing design hierarchy..
Top module:  \iiitb_freqdiv
Removed 0 unused modules.

5.26. Printing statistics.

=== iiitb_freqdiv ===

   Number of wires:                111
   Number of wire bits:            132
   Number of public wires:           6
   Number of public wire bits:      15
   Number of memories:               0
   Number of memory bits:            0
   Number of processes:              0
   Number of cells:                118
     $_ANDNOT_                      44
     $_AND_                          3
     $_MUX_                          1
     $_NAND_                         4
     $_NOR_                          6
     $_NOT_                          7
     $_ORNOT_                        3
     $_OR_                          13
     $_SDFF_NN0_                     4
     $_SDFF_PN0_                     4
     $_XNOR_                         2
     $_XOR_                         27

5.27. Executing CHECK pass (checking for obvious problems).
Checking module iiitb_freqdiv...
Found and reported 0 problems.

6. Generating Graphviz representation of design.
Writing dot description to `/openlane/designs/iiitb_freqdiv/runs/RUN_2022.08.28_05.03.34/tmp/synthesis/post_techmap.dot'.
Dumping module iiitb_freqdiv to page 1.

7. Executing SHARE pass (SAT-based resource sharing).

8. Executing OPT pass (performing simple optimizations).

8.1. Executing OPT_EXPR pass (perform const folding).
Optimizing module iiitb_freqdiv.

8.2. Executing OPT_MERGE pass (detect identical cells).
Finding identical cells in module `\iiitb_freqdiv'.
Removed a total of 0 cells.

8.3. Executing OPT_MUXTREE pass (detect dead branches in mux trees).
Running muxtree optimizer on module \iiitb_freqdiv..
  Creating internal representation of mux trees.
  No muxes found in this module.
Removed 0 multiplexer ports.

8.4. Executing OPT_REDUCE pass (consolidate $*mux and $reduce_* inputs).
  Optimizing cells in module \iiitb_freqdiv.
Performed a total of 0 changes.

8.5. Executing OPT_MERGE pass (detect identical cells).
Finding identical cells in module `\iiitb_freqdiv'.
Removed a total of 0 cells.

8.6. Executing OPT_DFF pass (perform DFF optimizations).

8.7. Executing OPT_CLEAN pass (remove unused cells and wires).
Finding unused cells or wires in module \iiitb_freqdiv..

8.8. Executing OPT_EXPR pass (perform const folding).
Optimizing module iiitb_freqdiv.

8.9. Finished OPT passes. (There is nothing left to do.)

9. Executing OPT_CLEAN pass (remove unused cells and wires).
Finding unused cells or wires in module \iiitb_freqdiv..

10. Printing statistics.

=== iiitb_freqdiv ===

   Number of wires:                111
   Number of wire bits:            132
   Number of public wires:           6
   Number of public wire bits:      15
   Number of memories:               0
   Number of memory bits:            0
   Number of processes:              0
   Number of cells:                118
     $_ANDNOT_                      44
     $_AND_                          3
     $_MUX_                          1
     $_NAND_                         4
     $_NOR_                          6
     $_NOT_                          7
     $_ORNOT_                        3
     $_OR_                          13
     $_SDFF_NN0_                     4
     $_SDFF_PN0_                     4
     $_XNOR_                         2
     $_XOR_                         27

mapping tbuf

11. Executing TECHMAP pass (map to technology primitives).

11.1. Executing Verilog-2005 frontend: /home/nandu/OpenLane/pdks/sky130A/libs.tech/openlane/sky130_fd_sc_hd/tribuff_map.v
Parsing Verilog input from `/home/nandu/OpenLane/pdks/sky130A/libs.tech/openlane/sky130_fd_sc_hd/tribuff_map.v' to AST representation.
Generating RTLIL representation for module `\$_TBUF_'.
Successfully finished Verilog frontend.

11.2. Continuing TECHMAP pass.
No more expansions possible.
<suppressed ~3 debug messages>

12. Executing SIMPLEMAP pass (map simple cells to gate primitives).

13. Executing TECHMAP pass (map to technology primitives).

13.1. Executing Verilog-2005 frontend: /home/nandu/OpenLane/pdks/sky130A/libs.tech/openlane/sky130_fd_sc_hd/latch_map.v
Parsing Verilog input from `/home/nandu/OpenLane/pdks/sky130A/libs.tech/openlane/sky130_fd_sc_hd/latch_map.v' to AST representation.
Generating RTLIL representation for module `\$_DLATCH_P_'.
Generating RTLIL representation for module `\$_DLATCH_N_'.
Successfully finished Verilog frontend.

13.2. Continuing TECHMAP pass.
No more expansions possible.
<suppressed ~4 debug messages>

14. Executing SIMPLEMAP pass (map simple cells to gate primitives).

15. Executing DFFLIBMAP pass (mapping DFF cells to sequential cells from liberty file).
  cell sky130_fd_sc_hd__dfxtp_2 (noninv, pins=3, area=21.27) is a direct match for cell type $_DFF_P_.
  cell sky130_fd_sc_hd__dfrtp_2 (noninv, pins=4, area=26.28) is a direct match for cell type $_DFF_PN0_.
  cell sky130_fd_sc_hd__dfstp_2 (noninv, pins=4, area=26.28) is a direct match for cell type $_DFF_PN1_.
  cell sky130_fd_sc_hd__dfbbn_2 (noninv, pins=6, area=35.03) is a direct match for cell type $_DFFSR_NNN_.
  final dff cell mappings:
    unmapped dff cell: $_DFF_N_
    \sky130_fd_sc_hd__dfxtp_2 _DFF_P_ (.CLK( C), .D( D), .Q( Q));
    unmapped dff cell: $_DFF_NN0_
    unmapped dff cell: $_DFF_NN1_
    unmapped dff cell: $_DFF_NP0_
    unmapped dff cell: $_DFF_NP1_
    \sky130_fd_sc_hd__dfrtp_2 _DFF_PN0_ (.CLK( C), .D( D), .Q( Q), .RESET_B( R));
    \sky130_fd_sc_hd__dfstp_2 _DFF_PN1_ (.CLK( C), .D( D), .Q( Q), .SET_B( R));
    unmapped dff cell: $_DFF_PP0_
    unmapped dff cell: $_DFF_PP1_
    \sky130_fd_sc_hd__dfbbn_2 _DFFSR_NNN_ (.CLK_N( C), .D( D), .Q( Q), .Q_N(~Q), .RESET_B( R), .SET_B( S));
    unmapped dff cell: $_DFFSR_NNP_
    unmapped dff cell: $_DFFSR_NPN_
    unmapped dff cell: $_DFFSR_NPP_
    unmapped dff cell: $_DFFSR_PNN_
    unmapped dff cell: $_DFFSR_PNP_
    unmapped dff cell: $_DFFSR_PPN_
    unmapped dff cell: $_DFFSR_PPP_

15.1. Executing DFFLEGALIZE pass (convert FFs to types supported by the target).
Mapping DFF cells in module `\iiitb_freqdiv':
  mapped 8 $_DFF_P_ cells to \sky130_fd_sc_hd__dfxtp_2 cells.

16. Printing statistics.

=== iiitb_freqdiv ===

   Number of wires:                123
   Number of wire bits:            144
   Number of public wires:           6
   Number of public wire bits:      15
   Number of memories:               0
   Number of memory bits:            0
   Number of processes:              0
   Number of cells:                130
     $_ANDNOT_                      44
     $_AND_                          3
     $_MUX_                          9
     $_NAND_                         4
     $_NOR_                          6
     $_NOT_                         11
     $_ORNOT_                        3
     $_OR_                          13
     $_XNOR_                         2
     $_XOR_                         27
     sky130_fd_sc_hd__dfxtp_2        8

[INFO]: USING STRATEGY AREA 0

17. Executing ABC pass (technology mapping using ABC).

17.1. Extracting gate netlist of module `\iiitb_freqdiv' to `/tmp/yosys-abc-mvd9S0/input.blif'..
Extracted 122 gates and 137 wires to a netlist network with 14 inputs and 13 outputs.

17.1.1. Executing ABC.
Running ABC command: /build/bin/yosys-abc -s -f /tmp/yosys-abc-mvd9S0/abc.script 2>&1
ABC: ABC command line: "source /tmp/yosys-abc-mvd9S0/abc.script".
ABC: 
ABC: + read_blif /tmp/yosys-abc-mvd9S0/input.blif 
ABC: + read_lib -w /openlane/designs/iiitb_freqdiv/runs/RUN_2022.08.28_05.03.34/tmp/synthesis/trimmed.lib 
ABC: Parsing finished successfully.  Parsing time =     0.04 sec
ABC: Scl_LibertyReadGenlib() skipped sequential cell "sky130_fd_sc_hd__dfbbn_2".
ABC: Scl_LibertyReadGenlib() skipped sequential cell "sky130_fd_sc_hd__dfrbp_2".
ABC: Scl_LibertyReadGenlib() skipped sequential cell "sky130_fd_sc_hd__dfrtp_2".
ABC: Scl_LibertyReadGenlib() skipped sequential cell "sky130_fd_sc_hd__dfrtp_4".
ABC: Scl_LibertyReadGenlib() skipped sequential cell "sky130_fd_sc_hd__dfsbp_2".
ABC: Scl_LibertyReadGenlib() skipped sequential cell "sky130_fd_sc_hd__dfstp_2".
ABC: Scl_LibertyReadGenlib() skipped sequential cell "sky130_fd_sc_hd__dfstp_4".
ABC: Scl_LibertyReadGenlib() skipped sequential cell "sky130_fd_sc_hd__dfxbp_2".
ABC: Scl_LibertyReadGenlib() skipped sequential cell "sky130_fd_sc_hd__dfxtp_2".
ABC: Scl_LibertyReadGenlib() skipped sequential cell "sky130_fd_sc_hd__dfxtp_4".
ABC: Scl_LibertyReadGenlib() skipped sequential cell "sky130_fd_sc_hd__dlxtn_1".
ABC: Scl_LibertyReadGenlib() skipped sequential cell "sky130_fd_sc_hd__dlxtn_2".
ABC: Scl_LibertyReadGenlib() skipped sequential cell "sky130_fd_sc_hd__dlxtn_4".
ABC: Scl_LibertyReadGenlib() skipped sequential cell "sky130_fd_sc_hd__dlxtp_1".
ABC: Scl_LibertyReadGenlib() skipped three-state cell "sky130_fd_sc_hd__ebufn_2".
ABC: Scl_LibertyReadGenlib() skipped three-state cell "sky130_fd_sc_hd__ebufn_4".
ABC: Scl_LibertyReadGenlib() skipped three-state cell "sky130_fd_sc_hd__ebufn_8".
ABC: Library "sky130A_merged" from "/openlane/designs/iiitb_freqdiv/runs/RUN_2022.08.28_05.03.34/tmp/synthesis/trimmed.lib" has 176 cells (17 skipped: 14 seq; 3 tri-state; 0 no func; 0 dont_use).  Time =     0.06 sec
ABC: Memory =    7.70 MB. Time =     0.06 sec
ABC: Warning: Detected 2 multi-output gates (for example, "sky130_fd_sc_hd__fa_1").
ABC: + read_constr -v /openlane/designs/iiitb_freqdiv/runs/RUN_2022.08.28_05.03.34/tmp/synthesis/synthesis.sdc 
ABC: Setting driving cell to be "sky130_fd_sc_hd__inv_2".
ABC: Setting output load to be 33.442001.
ABC: + read_constr /openlane/designs/iiitb_freqdiv/runs/RUN_2022.08.28_05.03.34/tmp/synthesis/synthesis.sdc 
ABC: + fx 
ABC: + mfs 
ABC: + strash 
ABC: + refactor 
ABC: + balance 
ABC: + rewrite 
ABC: + refactor 
ABC: + balance 
ABC: + rewrite 
ABC: + rewrite -z 
ABC: + balance 
ABC: + refactor -z 
ABC: + rewrite -z 
ABC: + balance 
ABC: + retime -D -D 10000 -M 5 
ABC: + scleanup 
ABC: Error: The network is combinational.
ABC: + fraig_store 
ABC: + balance 
ABC: + fraig_store 
ABC: + balance 
ABC: + rewrite 
ABC: + refactor 
ABC: + balance 
ABC: + rewrite 
ABC: + rewrite -z 
ABC: + balance 
ABC: + refactor -z 
ABC: + rewrite -z 
ABC: + balance 
ABC: + fraig_store 
ABC: + balance 
ABC: + rewrite 
ABC: + refactor 
ABC: + balance 
ABC: + rewrite 
ABC: + rewrite -z 
ABC: + balance 
ABC: + refactor -z 
ABC: + rewrite -z 
ABC: + balance 
ABC: + fraig_store 
ABC: + balance 
ABC: + rewrite 
ABC: + refactor 
ABC: + balance 
ABC: + rewrite 
ABC: + rewrite -z 
ABC: + balance 
ABC: + refactor -z 
ABC: + rewrite -z 
ABC: + balance 
ABC: + fraig_store 
ABC: + fraig_restore 
ABC: + amap -m -Q 0.1 -F 20 -A 20 -C 5000 
ABC: + retime -D -D 10000 
ABC: + &get -n 
ABC: + &st 
ABC: + &dch 
ABC: + &nf 
ABC: + &put 
ABC: + buffer -N 10 -S 750.0 
ABC: + upsize -D 10000 
ABC: Current delay (1478.07 ps) does not exceed the target delay (10000.00 ps). Upsizing is not performed.
ABC: + dnsize -D 10000 
ABC: + stime -p 
ABC: WireLoad = "none"  Gates =     63 ( 20.6 %)   Cap = 12.1 ff (  3.0 %)   Area =      504.23 ( 87.3 %)   Delay =  1631.47 ps  ( 17.5 %)               
ABC: Path  0 --       2 : 0    6 pi                        A =   0.00  Df =  64.4  -35.5 ps  S =  95.9 ps  Cin =  0.0 ff  Cout =  19.6 ff  Cmax =   0.0 ff  G =    0  
ABC: Path  1 --      29 : 4    2 sky130_fd_sc_hd__or4_2    A =   8.76  Df = 687.0 -427.3 ps  S = 114.8 ps  Cin =  1.5 ff  Cout =   6.6 ff  Cmax = 310.4 ff  G =  420  
ABC: Path  2 --      30 : 2    3 sky130_fd_sc_hd__and2_2   A =   7.51  Df = 935.4 -406.9 ps  S =  94.2 ps  Cin =  1.5 ff  Cout =  14.8 ff  Cmax = 303.0 ff  G =  959  
ABC: Path  3 --      73 : 3    4 sky130_fd_sc_hd__a21boi_2 A =  11.26  Df =1091.0 -494.2 ps  S = 115.8 ps  Cin =  3.6 ff  Cout =   6.2 ff  Cmax = 129.1 ff  G =  168  
ABC: Path  4 --      77 : 4    1 sky130_fd_sc_hd__and4_2   A =  10.01  Df =1307.0 -134.1 ps  S =  47.4 ps  Cin =  1.5 ff  Cout =   2.2 ff  Cmax = 300.3 ff  G =  138  
ABC: Path  5 --      78 : 1    1 sky130_fd_sc_hd__buf_1    A =   3.75  Df =1631.5 -243.0 ps  S = 397.0 ps  Cin =  2.1 ff  Cout =  33.4 ff  Cmax = 130.0 ff  G = 1590  
ABC: Start-point = pi1 (\n [2]).  End-point = po6 ($auto$rtlil.cc:2515:MuxGate$1412).
ABC: + print_stats -m 
ABC: netlist                       : i/o =   14/   13  lat =    0  nd =    63  edge =    167  area =504.27  delay = 5.00  lev = 5
ABC: + write_blif /tmp/yosys-abc-mvd9S0/output.blif 

17.1.2. Re-integrating ABC results.
ABC RESULTS:   sky130_fd_sc_hd__a211oi_2 cells:        1
ABC RESULTS:   sky130_fd_sc_hd__a21boi_2 cells:        2
ABC RESULTS:   sky130_fd_sc_hd__a21o_2 cells:        3
ABC RESULTS:   sky130_fd_sc_hd__a21oi_2 cells:        5
ABC RESULTS:   sky130_fd_sc_hd__a2bb2o_2 cells:        1
ABC RESULTS:   sky130_fd_sc_hd__a311o_2 cells:        1
ABC RESULTS:   sky130_fd_sc_hd__a31o_2 cells:        3
ABC RESULTS:   sky130_fd_sc_hd__and2_2 cells:        1
ABC RESULTS:   sky130_fd_sc_hd__and3_2 cells:        4
ABC RESULTS:   sky130_fd_sc_hd__and3b_2 cells:        1
ABC RESULTS:   sky130_fd_sc_hd__and4_2 cells:        1
ABC RESULTS:   sky130_fd_sc_hd__buf_1 cells:        4
ABC RESULTS:   sky130_fd_sc_hd__inv_2 cells:        4
ABC RESULTS:   sky130_fd_sc_hd__nand2_2 cells:        3
ABC RESULTS:   sky130_fd_sc_hd__nand3_2 cells:        2
ABC RESULTS:   sky130_fd_sc_hd__nor2_2 cells:        5
ABC RESULTS:   sky130_fd_sc_hd__o2111a_2 cells:        1
ABC RESULTS:   sky130_fd_sc_hd__o211a_2 cells:        3
ABC RESULTS:   sky130_fd_sc_hd__o21ai_2 cells:        1
ABC RESULTS:   sky130_fd_sc_hd__o221a_2 cells:        1
ABC RESULTS:   sky130_fd_sc_hd__o22a_2 cells:        2
ABC RESULTS:   sky130_fd_sc_hd__o31ai_2 cells:        1
ABC RESULTS:   sky130_fd_sc_hd__or2_2 cells:        2
ABC RESULTS:   sky130_fd_sc_hd__or2b_2 cells:        2
ABC RESULTS:   sky130_fd_sc_hd__or3_2 cells:        1
ABC RESULTS:   sky130_fd_sc_hd__or4_2 cells:        1
ABC RESULTS:   sky130_fd_sc_hd__xor2_2 cells:        2
ABC RESULTS:     sky130_vsdinv cells:        5
ABC RESULTS:        internal signals:      110
ABC RESULTS:           input signals:       14
ABC RESULTS:          output signals:       13
Removing temp directory.

18. Executing SETUNDEF pass (replace undef values with defined constants).

19. Executing HILOMAP pass (mapping to constant drivers).

20. Executing SPLITNETS pass (splitting up multi-bit signals).

21. Executing OPT_CLEAN pass (remove unused cells and wires).
Finding unused cells or wires in module \iiitb_freqdiv..
Removed 0 unused cells and 144 unused wires.
<suppressed ~1 debug messages>

22. Executing INSBUF pass (insert buffer cells for connected wires).

23. Executing CHECK pass (checking for obvious problems).
Checking module iiitb_freqdiv...
Warning: Wire iiitb_freqdiv.\clkout is used but has no driver.
Found and reported 1 problems.

24. Printing statistics.

=== iiitb_freqdiv ===

   Number of wires:                 74
   Number of wire bits:             77
   Number of public wires:          12
   Number of public wire bits:      15
   Number of memories:               0
   Number of memory bits:            0
   Number of processes:              0
   Number of cells:                 71
     sky130_fd_sc_hd__a211oi_2       1
     sky130_fd_sc_hd__a21boi_2       2
     sky130_fd_sc_hd__a21o_2         3
     sky130_fd_sc_hd__a21oi_2        5
     sky130_fd_sc_hd__a2bb2o_2       1
     sky130_fd_sc_hd__a311o_2        1
     sky130_fd_sc_hd__a31o_2         3
     sky130_fd_sc_hd__and2_2         1
     sky130_fd_sc_hd__and3_2         4
     sky130_fd_sc_hd__and3b_2        1
     sky130_fd_sc_hd__and4_2         1
     sky130_fd_sc_hd__buf_1          4
     sky130_fd_sc_hd__dfxtp_2        8
     sky130_fd_sc_hd__inv_2          4
     sky130_fd_sc_hd__nand2_2        3
     sky130_fd_sc_hd__nand3_2        2
     sky130_fd_sc_hd__nor2_2         5
     sky130_fd_sc_hd__o2111a_2       1
     sky130_fd_sc_hd__o211a_2        3
     sky130_fd_sc_hd__o21ai_2        1
     sky130_fd_sc_hd__o221a_2        1
     sky130_fd_sc_hd__o22a_2         2
     sky130_fd_sc_hd__o31ai_2        1
     sky130_fd_sc_hd__or2_2          2
     sky130_fd_sc_hd__or2b_2         2
     sky130_fd_sc_hd__or3_2          1
     sky130_fd_sc_hd__or4_2          1
     sky130_fd_sc_hd__xor2_2         2
     sky130_vsdinv                   5

   Chip area for module '\iiitb_freqdiv': 674.396800

25. Executing Verilog backend.
Dumping module `\iiitb_freqdiv'.

Warnings: 1 unique messages, 1 total
End of script. Logfile hash: 3797a844e1, CPU: user 0.38s system 0.02s, MEM: 27.85 MB peak
Yosys 0.12+45 (git sha1 UNKNOWN, gcc 8.3.1 -fPIC -Os)
Time spent: 41% 2x abc (0 sec), 11% 4x stat (0 sec), ...
