OpenROAD 4a99e88667b0840531ca0096c4fa0da8f80d6cb1 
This program is licensed under the BSD-3 license. See the LICENSE file for details.
Components of this program may be licensed under more restrictive licenses which must be honored.
[INFO ODB-0222] Reading LEF file: /openlane/designs/iiitb_freqdiv/runs/RUN_2022.08.28_05.03.34/tmp/merged.nom.lef
[WARNING ODB-0220] WARNING (LEFPARS-2036): SOURCE statement is obsolete in version 5.6 and later.
The LEF parser will ignore this statement.
To avoid this warning in the future, remove this statement from the LEF file with version 5.6 or later. See file /openlane/designs/iiitb_freqdiv/runs/RUN_2022.08.28_05.03.34/tmp/merged.nom.lef at line 930.

[INFO ODB-0223]     Created 13 technology layers
[INFO ODB-0224]     Created 25 technology vias
[INFO ODB-0225]     Created 442 library cells
[INFO ODB-0226] Finished LEF file:  /openlane/designs/iiitb_freqdiv/runs/RUN_2022.08.28_05.03.34/tmp/merged.nom.lef
[INFO ODB-0127] Reading DEF file: /openlane/designs/iiitb_freqdiv/runs/RUN_2022.08.28_05.03.34/tmp/placement/8-resizer.buffers_removed.def
[INFO ODB-0128] Design: iiitb_freqdiv
[INFO ODB-0130]     Created 9 pins.
[INFO ODB-0131]     Created 165 components and 824 component-terminals.
[INFO ODB-0132]     Created 2 special nets and 558 connections.
[INFO ODB-0133]     Created 83 nets and 266 connections.
[INFO ODB-0134] Finished DEF file: /openlane/designs/iiitb_freqdiv/runs/RUN_2022.08.28_05.03.34/tmp/placement/8-resizer.buffers_removed.def
Placement Analysis
---------------------------------
total displacement          0.0 u
average displacement        0.0 u
max displacement            0.0 u
original HPWL            1430.8 u
legalized HPWL           1506.3 u
delta HPWL                    5 %

[INFO DPL-0020] Mirrored 37 instances
[INFO DPL-0021] HPWL before            1506.3 u
[INFO DPL-0022] HPWL after             1430.8 u
[INFO DPL-0023] HPWL delta               -5.0 %
