iiitb_freqdiv
----------------------------------------
N-well spacing < 1.27um (nwell.2a)
----------------------------------------
 42.590um 46.430um 42.860um 47.655um
 46.270um 40.990um 46.540um 42.215um
 55.930um 40.990um 56.200um 42.215um
 46.730um 30.110um 47.000um 31.335um
 51.330um 30.110um 51.600um 31.335um
----------------------------------------
Local interconnect minimum area < 0.0561um^2 (li.6)
----------------------------------------
 41.545um 47.345um 41.715um 47.515um
 41.545um 47.345um 41.715um 47.515um
 42.465um 47.345um 42.635um 47.515um
 42.465um 47.345um 42.635um 47.515um
 45.225um 41.905um 45.395um 42.075um
 45.225um 41.905um 45.395um 42.075um
 46.145um 41.905um 46.315um 42.075um
 46.145um 41.905um 46.315um 42.075um
 54.885um 41.905um 55.055um 42.075um
 54.885um 41.905um 55.055um 42.075um
 55.805um 41.905um 55.975um 42.075um
 55.805um 41.905um 55.975um 42.075um
 45.685um 31.025um 45.855um 31.195um
 45.685um 31.025um 45.855um 31.195um
 46.605um 31.025um 46.775um 31.195um
 46.605um 31.025um 46.775um 31.195um
 50.285um 31.025um 50.455um 31.195um
 50.285um 31.025um 50.455um 31.195um
 51.205um 31.025um 51.375um 31.195um
 51.205um 31.025um 51.375um 31.195um
----------------------------------------
[INFO]: COUNT: 25
[INFO]: Should be divided by 3 or 4

